{"/Users/jeong-uchang/admin-donggurami-net/src/main.tsx": {"path":"/Users/jeong-uchang/admin-donggurami-net/src/main.tsx","all":true,"statementMap":{"0":{"start":{"line":1,"column":0},"end":{"line":1,"column":45}},"1":{"start":{"line":2,"column":0},"end":{"line":2,"column":69}},"2":{"start":{"line":3,"column":0},"end":{"line":3,"column":59}},"3":{"start":{"line":4,"column":0},"end":{"line":4,"column":54}},"4":{"start":{"line":5,"column":0},"end":{"line":5,"column":59}},"5":{"start":{"line":6,"column":0},"end":{"line":6,"column":20}},"7":{"start":{"line":8,"column":0},"end":{"line":8,"column":61}},"8":{"start":{"line":9,"column":0},"end":{"line":9,"column":61}},"9":{"start":{"line":10,"column":0},"end":{"line":10,"column":65}},"10":{"start":{"line":11,"column":0},"end":{"line":11,"column":67}},"11":{"start":{"line":12,"column":0},"end":{"line":12,"column":45}},"12":{"start":{"line":13,"column":0},"end":{"line":13,"column":53}},"13":{"start":{"line":14,"column":0},"end":{"line":14,"column":61}},"14":{"start":{"line":15,"column":0},"end":{"line":15,"column":65}},"15":{"start":{"line":16,"column":0},"end":{"line":16,"column":69}},"16":{"start":{"line":17,"column":0},"end":{"line":17,"column":51}},"17":{"start":{"line":18,"column":0},"end":{"line":18,"column":49}},"18":{"start":{"line":19,"column":0},"end":{"line":19,"column":69}},"19":{"start":{"line":20,"column":0},"end":{"line":20,"column":65}},"20":{"start":{"line":21,"column":0},"end":{"line":21,"column":65}},"21":{"start":{"line":22,"column":0},"end":{"line":22,"column":65}},"22":{"start":{"line":23,"column":0},"end":{"line":23,"column":55}},"24":{"start":{"line":25,"column":0},"end":{"line":25,"column":52}},"25":{"start":{"line":26,"column":0},"end":{"line":26,"column":44}},"26":{"start":{"line":27,"column":0},"end":{"line":27,"column":68}},"27":{"start":{"line":28,"column":0},"end":{"line":28,"column":57}},"28":{"start":{"line":29,"column":0},"end":{"line":29,"column":25}},"29":{"start":{"line":30,"column":0},"end":{"line":30,"column":18}},"31":{"start":{"line":32,"column":0},"end":{"line":32,"column":57}},"34":{"start":{"line":35,"column":0},"end":{"line":35,"column":76}},"35":{"start":{"line":36,"column":0},"end":{"line":36,"column":67}},"36":{"start":{"line":37,"column":0},"end":{"line":37,"column":77}},"37":{"start":{"line":38,"column":0},"end":{"line":38,"column":80}},"38":{"start":{"line":39,"column":0},"end":{"line":39,"column":83}},"39":{"start":{"line":40,"column":0},"end":{"line":40,"column":76}},"40":{"start":{"line":41,"column":0},"end":{"line":41,"column":63}},"41":{"start":{"line":42,"column":0},"end":{"line":42,"column":18}},"44":{"start":{"line":45,"column":0},"end":{"line":45,"column":76}},"45":{"start":{"line":46,"column":0},"end":{"line":46,"column":78}},"46":{"start":{"line":47,"column":0},"end":{"line":47,"column":71}},"47":{"start":{"line":48,"column":0},"end":{"line":48,"column":78}},"48":{"start":{"line":49,"column":0},"end":{"line":49,"column":83}},"49":{"start":{"line":50,"column":0},"end":{"line":50,"column":74}},"50":{"start":{"line":51,"column":0},"end":{"line":51,"column":18}},"53":{"start":{"line":54,"column":0},"end":{"line":54,"column":71}},"54":{"start":{"line":55,"column":0},"end":{"line":55,"column":17}},"55":{"start":{"line":56,"column":0},"end":{"line":56,"column":26}},"56":{"start":{"line":57,"column":0},"end":{"line":57,"column":22}},"57":{"start":{"line":58,"column":0},"end":{"line":58,"column":20}},"58":{"start":{"line":59,"column":0},"end":{"line":59,"column":24}},"59":{"start":{"line":60,"column":0},"end":{"line":60,"column":1}}},"s":{"0":0,"1":0,"2":0,"3":0,"4":0,"5":0,"7":0,"8":0,"9":0,"10":0,"11":0,"12":0,"13":0,"14":0,"15":0,"16":0,"17":0,"18":0,"19":0,"20":0,"21":0,"22":0,"24":0,"25":0,"26":0,"27":0,"28":0,"29":0,"31":0,"34":0,"35":0,"36":0,"37":0,"38":0,"39":0,"40":0,"41":0,"44":0,"45":0,"46":0,"47":0,"48":0,"49":0,"50":0,"53":0,"54":0,"55":0,"56":0,"57":0,"58":0,"59":0},"branchMap":{"0":{"type":"branch","line":1,"loc":{"start":{"line":1,"column":1638},"end":{"line":60,"column":-1714}},"locations":[{"start":{"line":1,"column":1638},"end":{"line":60,"column":-1714}}]}},"b":{"0":[0]},"fnMap":{"0":{"name":"(empty-report)","decl":{"start":{"line":1,"column":1638},"end":{"line":60,"column":-1714}},"loc":{"start":{"line":1,"column":1638},"end":{"line":60,"column":-1714}},"line":1}},"f":{"0":0}}
,"/Users/jeong-uchang/admin-donggurami-net/src/components/component-example.tsx": {"path":"/Users/jeong-uchang/admin-donggurami-net/src/components/component-example.tsx","all":true,"statementMap":{"0":{"start":{"line":1,"column":0},"end":{"line":1,"column":30}},"2":{"start":{"line":3,"column":0},"end":{"line":3,"column":8}},"6":{"start":{"line":7,"column":0},"end":{"line":7,"column":8}},"18":{"start":{"line":19,"column":0},"end":{"line":19,"column":45}},"19":{"start":{"line":20,"column":0},"end":{"line":20,"column":47}},"20":{"start":{"line":21,"column":0},"end":{"line":21,"column":8}},"29":{"start":{"line":30,"column":0},"end":{"line":30,"column":8}},"37":{"start":{"line":38,"column":0},"end":{"line":38,"column":8}},"54":{"start":{"line":55,"column":0},"end":{"line":55,"column":69}},"55":{"start":{"line":56,"column":0},"end":{"line":56,"column":45}},"56":{"start":{"line":57,"column":0},"end":{"line":57,"column":8}},"64":{"start":{"line":65,"column":0},"end":{"line":65,"column":51}},"65":{"start":{"line":66,"column":0},"end":{"line":66,"column":48}},"66":{"start":{"line":67,"column":0},"end":{"line":67,"column":440}},"68":{"start":{"line":69,"column":0},"end":{"line":69,"column":36}},"69":{"start":{"line":70,"column":0},"end":{"line":70,"column":10}},"70":{"start":{"line":71,"column":0},"end":{"line":71,"column":20}},"71":{"start":{"line":72,"column":0},"end":{"line":72,"column":21}},"72":{"start":{"line":73,"column":0},"end":{"line":73,"column":21}},"73":{"start":{"line":74,"column":0},"end":{"line":74,"column":21}},"75":{"start":{"line":76,"column":0},"end":{"line":76,"column":1}},"77":{"start":{"line":78,"column":0},"end":{"line":78,"column":24}},"78":{"start":{"line":79,"column":0},"end":{"line":79,"column":10}},"79":{"start":{"line":80,"column":0},"end":{"line":80,"column":66}},"80":{"start":{"line":81,"column":0},"end":{"line":81,"column":70}},"81":{"start":{"line":82,"column":0},"end":{"line":82,"column":100}},"82":{"start":{"line":83,"column":0},"end":{"line":83,"column":12}},"83":{"start":{"line":84,"column":0},"end":{"line":84,"column":182}},"84":{"start":{"line":85,"column":0},"end":{"line":85,"column":43}},"85":{"start":{"line":86,"column":0},"end":{"line":86,"column":45}},"86":{"start":{"line":87,"column":0},"end":{"line":87,"column":92}},"87":{"start":{"line":88,"column":0},"end":{"line":88,"column":10}},"88":{"start":{"line":89,"column":0},"end":{"line":89,"column":20}},"89":{"start":{"line":90,"column":0},"end":{"line":90,"column":75}},"90":{"start":{"line":91,"column":0},"end":{"line":91,"column":27}},"94":{"start":{"line":95,"column":0},"end":{"line":95,"column":28}},"95":{"start":{"line":96,"column":0},"end":{"line":96,"column":21}},"96":{"start":{"line":97,"column":0},"end":{"line":97,"column":20}},"97":{"start":{"line":98,"column":0},"end":{"line":98,"column":23}},"98":{"start":{"line":99,"column":0},"end":{"line":99,"column":52}},"99":{"start":{"line":100,"column":0},"end":{"line":100,"column":92}},"101":{"start":{"line":102,"column":0},"end":{"line":102,"column":33}},"102":{"start":{"line":103,"column":0},"end":{"line":103,"column":42}},"103":{"start":{"line":104,"column":0},"end":{"line":104,"column":33}},"104":{"start":{"line":105,"column":0},"end":{"line":105,"column":34}},"105":{"start":{"line":106,"column":0},"end":{"line":106,"column":72}},"106":{"start":{"line":107,"column":0},"end":{"line":107,"column":35}},"107":{"start":{"line":108,"column":0},"end":{"line":108,"column":80}},"108":{"start":{"line":109,"column":0},"end":{"line":109,"column":40}},"111":{"start":{"line":112,"column":0},"end":{"line":112,"column":41}},"112":{"start":{"line":113,"column":0},"end":{"line":113,"column":34}},"113":{"start":{"line":114,"column":0},"end":{"line":114,"column":33}},"114":{"start":{"line":115,"column":0},"end":{"line":115,"column":71}},"115":{"start":{"line":116,"column":0},"end":{"line":116,"column":60}},"116":{"start":{"line":117,"column":0},"end":{"line":117,"column":34}},"117":{"start":{"line":118,"column":0},"end":{"line":118,"column":33}},"118":{"start":{"line":119,"column":0},"end":{"line":119,"column":24}},"119":{"start":{"line":120,"column":0},"end":{"line":120,"column":57}},"121":{"start":{"line":122,"column":0},"end":{"line":122,"column":18}},"122":{"start":{"line":123,"column":0},"end":{"line":123,"column":21}},"123":{"start":{"line":124,"column":0},"end":{"line":124,"column":13}},"124":{"start":{"line":125,"column":0},"end":{"line":125,"column":14}},"126":{"start":{"line":127,"column":0},"end":{"line":127,"column":1}},"128":{"start":{"line":129,"column":0},"end":{"line":129,"column":20}},"129":{"start":{"line":130,"column":0},"end":{"line":130,"column":12}},"130":{"start":{"line":131,"column":0},"end":{"line":131,"column":14}},"131":{"start":{"line":132,"column":0},"end":{"line":132,"column":12}},"132":{"start":{"line":133,"column":0},"end":{"line":133,"column":10}},"133":{"start":{"line":134,"column":0},"end":{"line":134,"column":10}},"134":{"start":{"line":135,"column":0},"end":{"line":135,"column":10}},"136":{"start":{"line":137,"column":0},"end":{"line":137,"column":19}},"137":{"start":{"line":138,"column":0},"end":{"line":138,"column":45}},"138":{"start":{"line":139,"column":0},"end":{"line":139,"column":43}},"139":{"start":{"line":140,"column":0},"end":{"line":140,"column":41}},"140":{"start":{"line":141,"column":0},"end":{"line":141,"column":37}},"141":{"start":{"line":142,"column":0},"end":{"line":142,"column":1}},"143":{"start":{"line":144,"column":0},"end":{"line":144,"column":24}},"144":{"start":{"line":145,"column":0},"end":{"line":145,"column":60}},"145":{"start":{"line":146,"column":0},"end":{"line":146,"column":16}},"146":{"start":{"line":147,"column":0},"end":{"line":147,"column":15}},"147":{"start":{"line":148,"column":0},"end":{"line":148,"column":15}},"148":{"start":{"line":149,"column":0},"end":{"line":149,"column":4}},"149":{"start":{"line":150,"column":0},"end":{"line":150,"column":51}},"151":{"start":{"line":152,"column":0},"end":{"line":152,"column":10}},"152":{"start":{"line":153,"column":0},"end":{"line":153,"column":26}},"153":{"start":{"line":154,"column":0},"end":{"line":154,"column":40}},"154":{"start":{"line":155,"column":0},"end":{"line":155,"column":20}},"155":{"start":{"line":156,"column":0},"end":{"line":156,"column":49}},"156":{"start":{"line":157,"column":0},"end":{"line":157,"column":78}},"157":{"start":{"line":158,"column":0},"end":{"line":158,"column":22}},"158":{"start":{"line":159,"column":0},"end":{"line":159,"column":26}},"159":{"start":{"line":160,"column":0},"end":{"line":160,"column":34}},"160":{"start":{"line":161,"column":0},"end":{"line":161,"column":63}},"162":{"start":{"line":163,"column":0},"end":{"line":163,"column":81}},"163":{"start":{"line":164,"column":0},"end":{"line":164,"column":61}},"164":{"start":{"line":165,"column":0},"end":{"line":165,"column":36}},"165":{"start":{"line":166,"column":0},"end":{"line":166,"column":64}},"166":{"start":{"line":167,"column":0},"end":{"line":167,"column":35}},"167":{"start":{"line":168,"column":0},"end":{"line":168,"column":61}},"168":{"start":{"line":169,"column":0},"end":{"line":169,"column":36}},"169":{"start":{"line":170,"column":0},"end":{"line":170,"column":69}},"171":{"start":{"line":172,"column":0},"end":{"line":172,"column":67}},"172":{"start":{"line":173,"column":0},"end":{"line":173,"column":37}},"173":{"start":{"line":174,"column":0},"end":{"line":174,"column":36}},"174":{"start":{"line":175,"column":0},"end":{"line":175,"column":71}},"176":{"start":{"line":177,"column":0},"end":{"line":177,"column":68}},"177":{"start":{"line":178,"column":0},"end":{"line":178,"column":37}},"178":{"start":{"line":179,"column":0},"end":{"line":179,"column":35}},"179":{"start":{"line":180,"column":0},"end":{"line":180,"column":44}},"180":{"start":{"line":181,"column":0},"end":{"line":181,"column":77}},"182":{"start":{"line":183,"column":0},"end":{"line":183,"column":45}},"183":{"start":{"line":184,"column":0},"end":{"line":184,"column":40}},"184":{"start":{"line":185,"column":0},"end":{"line":185,"column":46}},"185":{"start":{"line":186,"column":0},"end":{"line":186,"column":43}},"186":{"start":{"line":187,"column":0},"end":{"line":187,"column":80}},"187":{"start":{"line":188,"column":0},"end":{"line":188,"column":44}},"188":{"start":{"line":189,"column":0},"end":{"line":189,"column":77}},"190":{"start":{"line":191,"column":0},"end":{"line":191,"column":45}},"191":{"start":{"line":192,"column":0},"end":{"line":192,"column":44}},"192":{"start":{"line":193,"column":0},"end":{"line":193,"column":77}},"194":{"start":{"line":195,"column":0},"end":{"line":195,"column":45}},"195":{"start":{"line":196,"column":0},"end":{"line":196,"column":43}},"196":{"start":{"line":197,"column":0},"end":{"line":197,"column":52}},"197":{"start":{"line":198,"column":0},"end":{"line":198,"column":97}},"199":{"start":{"line":200,"column":0},"end":{"line":200,"column":53}},"200":{"start":{"line":201,"column":0},"end":{"line":201,"column":48}},"201":{"start":{"line":202,"column":0},"end":{"line":202,"column":54}},"202":{"start":{"line":203,"column":0},"end":{"line":203,"column":50}},"203":{"start":{"line":204,"column":0},"end":{"line":204,"column":83}},"205":{"start":{"line":206,"column":0},"end":{"line":206,"column":51}},"206":{"start":{"line":207,"column":0},"end":{"line":207,"column":50}},"207":{"start":{"line":208,"column":0},"end":{"line":208,"column":83}},"209":{"start":{"line":210,"column":0},"end":{"line":210,"column":51}},"210":{"start":{"line":211,"column":0},"end":{"line":211,"column":55}},"211":{"start":{"line":212,"column":0},"end":{"line":212,"column":49}},"212":{"start":{"line":213,"column":0},"end":{"line":213,"column":44}},"213":{"start":{"line":214,"column":0},"end":{"line":214,"column":44}},"214":{"start":{"line":215,"column":0},"end":{"line":215,"column":49}},"215":{"start":{"line":216,"column":0},"end":{"line":216,"column":43}},"216":{"start":{"line":217,"column":0},"end":{"line":217,"column":44}},"217":{"start":{"line":218,"column":0},"end":{"line":218,"column":79}},"219":{"start":{"line":220,"column":0},"end":{"line":220,"column":45}},"220":{"start":{"line":221,"column":0},"end":{"line":221,"column":44}},"221":{"start":{"line":222,"column":0},"end":{"line":222,"column":47}},"222":{"start":{"line":223,"column":0},"end":{"line":223,"column":41}},"223":{"start":{"line":224,"column":0},"end":{"line":224,"column":36}},"224":{"start":{"line":225,"column":0},"end":{"line":225,"column":43}},"225":{"start":{"line":226,"column":0},"end":{"line":226,"column":36}},"226":{"start":{"line":227,"column":0},"end":{"line":227,"column":75}},"228":{"start":{"line":229,"column":0},"end":{"line":229,"column":67}},"229":{"start":{"line":230,"column":0},"end":{"line":230,"column":37}},"230":{"start":{"line":231,"column":0},"end":{"line":231,"column":36}},"231":{"start":{"line":232,"column":0},"end":{"line":232,"column":73}},"233":{"start":{"line":234,"column":0},"end":{"line":234,"column":68}},"234":{"start":{"line":235,"column":0},"end":{"line":235,"column":37}},"235":{"start":{"line":236,"column":0},"end":{"line":236,"column":36}},"236":{"start":{"line":237,"column":0},"end":{"line":237,"column":41}},"237":{"start":{"line":238,"column":0},"end":{"line":238,"column":35}},"238":{"start":{"line":239,"column":0},"end":{"line":239,"column":61}},"239":{"start":{"line":240,"column":0},"end":{"line":240,"column":43}},"240":{"start":{"line":241,"column":0},"end":{"line":241,"column":49}},"241":{"start":{"line":242,"column":0},"end":{"line":242,"column":49}},"242":{"start":{"line":243,"column":0},"end":{"line":243,"column":40}},"243":{"start":{"line":244,"column":0},"end":{"line":244,"column":41}},"244":{"start":{"line":245,"column":0},"end":{"line":245,"column":48}},"245":{"start":{"line":246,"column":0},"end":{"line":246,"column":24}},"248":{"start":{"line":249,"column":0},"end":{"line":249,"column":68}},"250":{"start":{"line":251,"column":0},"end":{"line":251,"column":45}},"251":{"start":{"line":252,"column":0},"end":{"line":252,"column":43}},"252":{"start":{"line":253,"column":0},"end":{"line":253,"column":47}},"253":{"start":{"line":254,"column":0},"end":{"line":254,"column":49}},"254":{"start":{"line":255,"column":0},"end":{"line":255,"column":40}},"255":{"start":{"line":256,"column":0},"end":{"line":256,"column":41}},"256":{"start":{"line":257,"column":0},"end":{"line":257,"column":46}},"257":{"start":{"line":258,"column":0},"end":{"line":258,"column":24}},"260":{"start":{"line":261,"column":0},"end":{"line":261,"column":71}},"262":{"start":{"line":263,"column":0},"end":{"line":263,"column":45}},"263":{"start":{"line":264,"column":0},"end":{"line":264,"column":35}},"264":{"start":{"line":265,"column":0},"end":{"line":265,"column":44}},"265":{"start":{"line":266,"column":0},"end":{"line":266,"column":77}},"267":{"start":{"line":268,"column":0},"end":{"line":268,"column":45}},"268":{"start":{"line":269,"column":0},"end":{"line":269,"column":40}},"269":{"start":{"line":270,"column":0},"end":{"line":270,"column":46}},"270":{"start":{"line":271,"column":0},"end":{"line":271,"column":43}},"271":{"start":{"line":272,"column":0},"end":{"line":272,"column":75}},"272":{"start":{"line":273,"column":0},"end":{"line":273,"column":49}},"273":{"start":{"line":274,"column":0},"end":{"line":274,"column":41}},"274":{"start":{"line":275,"column":0},"end":{"line":275,"column":52}},"276":{"start":{"line":277,"column":0},"end":{"line":277,"column":65}},"277":{"start":{"line":278,"column":0},"end":{"line":278,"column":78}},"279":{"start":{"line":280,"column":0},"end":{"line":280,"column":52}},"280":{"start":{"line":281,"column":0},"end":{"line":281,"column":64}},"281":{"start":{"line":282,"column":0},"end":{"line":282,"column":79}},"283":{"start":{"line":284,"column":0},"end":{"line":284,"column":52}},"284":{"start":{"line":285,"column":0},"end":{"line":285,"column":66}},"285":{"start":{"line":286,"column":0},"end":{"line":286,"column":83}},"287":{"start":{"line":288,"column":0},"end":{"line":288,"column":52}},"288":{"start":{"line":289,"column":0},"end":{"line":289,"column":51}},"289":{"start":{"line":290,"column":0},"end":{"line":290,"column":44}},"290":{"start":{"line":291,"column":0},"end":{"line":291,"column":47}},"291":{"start":{"line":292,"column":0},"end":{"line":292,"column":41}},"292":{"start":{"line":293,"column":0},"end":{"line":293,"column":36}},"293":{"start":{"line":294,"column":0},"end":{"line":294,"column":36}},"294":{"start":{"line":295,"column":0},"end":{"line":295,"column":41}},"295":{"start":{"line":296,"column":0},"end":{"line":296,"column":35}},"296":{"start":{"line":297,"column":0},"end":{"line":297,"column":64}},"297":{"start":{"line":298,"column":0},"end":{"line":298,"column":36}},"298":{"start":{"line":299,"column":0},"end":{"line":299,"column":69}},"300":{"start":{"line":301,"column":0},"end":{"line":301,"column":68}},"301":{"start":{"line":302,"column":0},"end":{"line":302,"column":37}},"302":{"start":{"line":303,"column":0},"end":{"line":303,"column":36}},"303":{"start":{"line":304,"column":0},"end":{"line":304,"column":75}},"305":{"start":{"line":306,"column":0},"end":{"line":306,"column":37}},"306":{"start":{"line":307,"column":0},"end":{"line":307,"column":35}},"307":{"start":{"line":308,"column":0},"end":{"line":308,"column":44}},"308":{"start":{"line":309,"column":0},"end":{"line":309,"column":75}},"310":{"start":{"line":311,"column":0},"end":{"line":311,"column":45}},"311":{"start":{"line":312,"column":0},"end":{"line":312,"column":40}},"312":{"start":{"line":313,"column":0},"end":{"line":313,"column":46}},"313":{"start":{"line":314,"column":0},"end":{"line":314,"column":43}},"314":{"start":{"line":315,"column":0},"end":{"line":315,"column":76}},"315":{"start":{"line":316,"column":0},"end":{"line":316,"column":44}},"316":{"start":{"line":317,"column":0},"end":{"line":317,"column":81}},"318":{"start":{"line":319,"column":0},"end":{"line":319,"column":45}},"319":{"start":{"line":320,"column":0},"end":{"line":320,"column":44}},"320":{"start":{"line":321,"column":0},"end":{"line":321,"column":87}},"322":{"start":{"line":323,"column":0},"end":{"line":323,"column":45}},"323":{"start":{"line":324,"column":0},"end":{"line":324,"column":43}},"324":{"start":{"line":325,"column":0},"end":{"line":325,"column":52}},"325":{"start":{"line":326,"column":0},"end":{"line":326,"column":87}},"327":{"start":{"line":328,"column":0},"end":{"line":328,"column":53}},"328":{"start":{"line":329,"column":0},"end":{"line":329,"column":48}},"329":{"start":{"line":330,"column":0},"end":{"line":330,"column":54}},"330":{"start":{"line":331,"column":0},"end":{"line":331,"column":51}},"331":{"start":{"line":332,"column":0},"end":{"line":332,"column":53}},"333":{"start":{"line":334,"column":0},"end":{"line":334,"column":54}},"334":{"start":{"line":335,"column":0},"end":{"line":335,"column":59}},"335":{"start":{"line":336,"column":0},"end":{"line":336,"column":64}},"336":{"start":{"line":337,"column":0},"end":{"line":337,"column":65}},"337":{"start":{"line":338,"column":0},"end":{"line":338,"column":56}},"338":{"start":{"line":339,"column":0},"end":{"line":339,"column":57}},"339":{"start":{"line":340,"column":0},"end":{"line":340,"column":63}},"340":{"start":{"line":341,"column":0},"end":{"line":341,"column":40}},"343":{"start":{"line":344,"column":0},"end":{"line":344,"column":93}},"345":{"start":{"line":346,"column":0},"end":{"line":346,"column":61}},"346":{"start":{"line":347,"column":0},"end":{"line":347,"column":59}},"347":{"start":{"line":348,"column":0},"end":{"line":348,"column":65}},"348":{"start":{"line":349,"column":0},"end":{"line":349,"column":65}},"349":{"start":{"line":350,"column":0},"end":{"line":350,"column":56}},"350":{"start":{"line":351,"column":0},"end":{"line":351,"column":57}},"351":{"start":{"line":352,"column":0},"end":{"line":352,"column":64}},"352":{"start":{"line":353,"column":0},"end":{"line":353,"column":40}},"355":{"start":{"line":356,"column":0},"end":{"line":356,"column":85}},"357":{"start":{"line":358,"column":0},"end":{"line":358,"column":61}},"358":{"start":{"line":359,"column":0},"end":{"line":359,"column":52}},"359":{"start":{"line":360,"column":0},"end":{"line":360,"column":55}},"360":{"start":{"line":361,"column":0},"end":{"line":361,"column":49}},"361":{"start":{"line":362,"column":0},"end":{"line":362,"column":44}},"362":{"start":{"line":363,"column":0},"end":{"line":363,"column":44}},"363":{"start":{"line":364,"column":0},"end":{"line":364,"column":49}},"364":{"start":{"line":365,"column":0},"end":{"line":365,"column":43}},"365":{"start":{"line":366,"column":0},"end":{"line":366,"column":44}},"366":{"start":{"line":367,"column":0},"end":{"line":367,"column":79}},"368":{"start":{"line":369,"column":0},"end":{"line":369,"column":45}},"369":{"start":{"line":370,"column":0},"end":{"line":370,"column":44}},"370":{"start":{"line":371,"column":0},"end":{"line":371,"column":47}},"371":{"start":{"line":372,"column":0},"end":{"line":372,"column":41}},"372":{"start":{"line":373,"column":0},"end":{"line":373,"column":36}},"373":{"start":{"line":374,"column":0},"end":{"line":374,"column":36}},"374":{"start":{"line":375,"column":0},"end":{"line":375,"column":41}},"375":{"start":{"line":376,"column":0},"end":{"line":376,"column":35}},"376":{"start":{"line":377,"column":0},"end":{"line":377,"column":36}},"377":{"start":{"line":378,"column":0},"end":{"line":378,"column":75}},"379":{"start":{"line":380,"column":0},"end":{"line":380,"column":37}},"380":{"start":{"line":381,"column":0},"end":{"line":381,"column":36}},"381":{"start":{"line":382,"column":0},"end":{"line":382,"column":71}},"383":{"start":{"line":384,"column":0},"end":{"line":384,"column":37}},"384":{"start":{"line":385,"column":0},"end":{"line":385,"column":36}},"385":{"start":{"line":386,"column":0},"end":{"line":386,"column":41}},"386":{"start":{"line":387,"column":0},"end":{"line":387,"column":35}},"387":{"start":{"line":388,"column":0},"end":{"line":388,"column":58}},"388":{"start":{"line":389,"column":0},"end":{"line":389,"column":71}},"390":{"start":{"line":391,"column":0},"end":{"line":391,"column":68}},"391":{"start":{"line":392,"column":0},"end":{"line":392,"column":37}},"392":{"start":{"line":393,"column":0},"end":{"line":393,"column":36}},"393":{"start":{"line":394,"column":0},"end":{"line":394,"column":36}},"394":{"start":{"line":395,"column":0},"end":{"line":395,"column":27}},"395":{"start":{"line":396,"column":0},"end":{"line":396,"column":23}},"396":{"start":{"line":397,"column":0},"end":{"line":397,"column":21}},"397":{"start":{"line":398,"column":0},"end":{"line":398,"column":21}},"398":{"start":{"line":399,"column":0},"end":{"line":399,"column":16}},"399":{"start":{"line":400,"column":0},"end":{"line":400,"column":24}},"400":{"start":{"line":401,"column":0},"end":{"line":401,"column":54}},"401":{"start":{"line":402,"column":0},"end":{"line":402,"column":23}},"402":{"start":{"line":403,"column":0},"end":{"line":403,"column":73}},"403":{"start":{"line":404,"column":0},"end":{"line":404,"column":24}},"404":{"start":{"line":405,"column":0},"end":{"line":405,"column":40}},"405":{"start":{"line":406,"column":0},"end":{"line":406,"column":49}},"406":{"start":{"line":407,"column":0},"end":{"line":407,"column":28}},"407":{"start":{"line":408,"column":0},"end":{"line":408,"column":20}},"408":{"start":{"line":409,"column":0},"end":{"line":409,"column":24}},"409":{"start":{"line":410,"column":0},"end":{"line":410,"column":23}},"410":{"start":{"line":411,"column":0},"end":{"line":411,"column":73}},"411":{"start":{"line":412,"column":0},"end":{"line":412,"column":64}},"412":{"start":{"line":413,"column":0},"end":{"line":413,"column":56}},"413":{"start":{"line":414,"column":0},"end":{"line":414,"column":37}},"414":{"start":{"line":415,"column":0},"end":{"line":415,"column":36}},"415":{"start":{"line":416,"column":0},"end":{"line":416,"column":35}},"416":{"start":{"line":417,"column":0},"end":{"line":417,"column":35}},"417":{"start":{"line":418,"column":0},"end":{"line":418,"column":50}},"418":{"start":{"line":419,"column":0},"end":{"line":419,"column":74}},"419":{"start":{"line":420,"column":0},"end":{"line":420,"column":40}},"420":{"start":{"line":421,"column":0},"end":{"line":421,"column":39}},"421":{"start":{"line":422,"column":0},"end":{"line":422,"column":27}},"422":{"start":{"line":423,"column":0},"end":{"line":423,"column":36}},"423":{"start":{"line":424,"column":0},"end":{"line":424,"column":36}},"424":{"start":{"line":425,"column":0},"end":{"line":425,"column":27}},"425":{"start":{"line":426,"column":0},"end":{"line":426,"column":24}},"426":{"start":{"line":427,"column":0},"end":{"line":427,"column":20}},"427":{"start":{"line":428,"column":0},"end":{"line":428,"column":21}},"428":{"start":{"line":429,"column":0},"end":{"line":429,"column":59}},"430":{"start":{"line":431,"column":0},"end":{"line":431,"column":29}},"431":{"start":{"line":432,"column":0},"end":{"line":432,"column":45}},"432":{"start":{"line":433,"column":0},"end":{"line":433,"column":32}},"433":{"start":{"line":434,"column":0},"end":{"line":434,"column":45}},"434":{"start":{"line":435,"column":0},"end":{"line":435,"column":52}},"435":{"start":{"line":436,"column":0},"end":{"line":436,"column":28}},"436":{"start":{"line":437,"column":0},"end":{"line":437,"column":20}},"437":{"start":{"line":438,"column":0},"end":{"line":438,"column":35}},"438":{"start":{"line":439,"column":0},"end":{"line":439,"column":71}},"439":{"start":{"line":440,"column":0},"end":{"line":440,"column":34}},"440":{"start":{"line":441,"column":0},"end":{"line":441,"column":34}},"441":{"start":{"line":442,"column":0},"end":{"line":442,"column":62}},"442":{"start":{"line":443,"column":0},"end":{"line":443,"column":32}},"443":{"start":{"line":444,"column":0},"end":{"line":444,"column":39}},"445":{"start":{"line":446,"column":0},"end":{"line":446,"column":35}},"446":{"start":{"line":447,"column":0},"end":{"line":447,"column":36}},"447":{"start":{"line":448,"column":0},"end":{"line":448,"column":27}},"448":{"start":{"line":449,"column":0},"end":{"line":449,"column":22}},"449":{"start":{"line":450,"column":0},"end":{"line":450,"column":21}},"450":{"start":{"line":451,"column":0},"end":{"line":451,"column":79}},"451":{"start":{"line":452,"column":0},"end":{"line":452,"column":25}},"452":{"start":{"line":453,"column":0},"end":{"line":453,"column":42}},"453":{"start":{"line":454,"column":0},"end":{"line":454,"column":59}},"454":{"start":{"line":455,"column":0},"end":{"line":455,"column":18}},"455":{"start":{"line":456,"column":0},"end":{"line":456,"column":22}},"456":{"start":{"line":457,"column":0},"end":{"line":457,"column":46}},"457":{"start":{"line":458,"column":0},"end":{"line":458,"column":53}},"458":{"start":{"line":459,"column":0},"end":{"line":459,"column":56}},"460":{"start":{"line":461,"column":0},"end":{"line":461,"column":25}},"461":{"start":{"line":462,"column":0},"end":{"line":462,"column":22}},"462":{"start":{"line":463,"column":0},"end":{"line":463,"column":25}},"463":{"start":{"line":464,"column":0},"end":{"line":464,"column":17}},"464":{"start":{"line":465,"column":0},"end":{"line":465,"column":22}},"465":{"start":{"line":466,"column":0},"end":{"line":466,"column":13}},"466":{"start":{"line":467,"column":0},"end":{"line":467,"column":14}},"468":{"start":{"line":469,"column":0},"end":{"line":469,"column":1}}},"s":{"0":0,"2":0,"6":0,"18":0,"19":0,"20":0,"29":0,"37":0,"54":0,"55":0,"56":0,"64":0,"65":0,"66":0,"68":0,"69":0,"70":0,"71":0,"72":0,"73":0,"75":0,"77":0,"78":0,"79":0,"80":0,"81":0,"82":0,"83":0,"84":0,"85":0,"86":0,"87":0,"88":0,"89":0,"90":0,"94":0,"95":0,"96":0,"97":0,"98":0,"99":0,"101":0,"102":0,"103":0,"104":0,"105":0,"106":0,"107":0,"108":0,"111":0,"112":0,"113":0,"114":0,"115":0,"116":0,"117":0,"118":0,"119":0,"121":0,"122":0,"123":0,"124":0,"126":0,"128":0,"129":0,"130":0,"131":0,"132":0,"133":0,"134":0,"136":0,"137":0,"138":0,"139":0,"140":0,"141":0,"143":0,"144":0,"145":0,"146":0,"147":0,"148":0,"149":0,"151":0,"152":0,"153":0,"154":0,"155":0,"156":0,"157":0,"158":0,"159":0,"160":0,"162":0,"163":0,"164":0,"165":0,"166":0,"167":0,"168":0,"169":0,"171":0,"172":0,"173":0,"174":0,"176":0,"177":0,"178":0,"179":0,"180":0,"182":0,"183":0,"184":0,"185":0,"186":0,"187":0,"188":0,"190":0,"191":0,"192":0,"194":0,"195":0,"196":0,"197":0,"199":0,"200":0,"201":0,"202":0,"203":0,"205":0,"206":0,"207":0,"209":0,"210":0,"211":0,"212":0,"213":0,"214":0,"215":0,"216":0,"217":0,"219":0,"220":0,"221":0,"222":0,"223":0,"224":0,"225":0,"226":0,"228":0,"229":0,"230":0,"231":0,"233":0,"234":0,"235":0,"236":0,"237":0,"238":0,"239":0,"240":0,"241":0,"242":0,"243":0,"244":0,"245":0,"248":0,"250":0,"251":0,"252":0,"253":0,"254":0,"255":0,"256":0,"257":0,"260":0,"262":0,"263":0,"264":0,"265":0,"267":0,"268":0,"269":0,"270":0,"271":0,"272":0,"273":0,"274":0,"276":0,"277":0,"279":0,"280":0,"281":0,"283":0,"284":0,"285":0,"287":0,"288":0,"289":0,"290":0,"291":0,"292":0,"293":0,"294":0,"295":0,"296":0,"297":0,"298":0,"300":0,"301":0,"302":0,"303":0,"305":0,"306":0,"307":0,"308":0,"310":0,"311":0,"312":0,"313":0,"314":0,"315":0,"316":0,"318":0,"319":0,"320":0,"322":0,"323":0,"324":0,"325":0,"327":0,"328":0,"329":0,"330":0,"331":0,"333":0,"334":0,"335":0,"336":0,"337":0,"338":0,"339":0,"340":0,"343":0,"345":0,"346":0,"347":0,"348":0,"349":0,"350":0,"351":0,"352":0,"355":0,"357":0,"358":0,"359":0,"360":0,"361":0,"362":0,"363":0,"364":0,"365":0,"366":0,"368":0,"369":0,"370":0,"371":0,"372":0,"373":0,"374":0,"375":0,"376":0,"377":0,"379":0,"380":0,"381":0,"383":0,"384":0,"385":0,"386":0,"387":0,"388":0,"390":0,"391":0,"392":0,"393":0,"394":0,"395":0,"396":0,"397":0,"398":0,"399":0,"400":0,"401":0,"402":0,"403":0,"404":0,"405":0,"406":0,"407":0,"408":0,"409":0,"410":0,"411":0,"412":0,"413":0,"414":0,"415":0,"416":0,"417":0,"418":0,"419":0,"420":0,"421":0,"422":0,"423":0,"424":0,"425":0,"426":0,"427":0,"428":0,"430":0,"431":0,"432":0,"433":0,"434":0,"435":0,"436":0,"437":0,"438":0,"439":0,"440":0,"441":0,"442":0,"443":0,"445":0,"446":0,"447":0,"448":0,"449":0,"450":0,"451":0,"452":0,"453":0,"454":0,"455":0,"456":0,"457":0,"458":0,"460":0,"461":0,"462":0,"463":0,"464":0,"465":0,"466":0,"468":0},"branchMap":{"0":{"type":"branch","line":1,"loc":{"start":{"line":1,"column":19430},"end":{"line":469,"column":1}},"locations":[{"start":{"line":1,"column":19430},"end":{"line":469,"column":1}}]}},"b":{"0":[0]},"fnMap":{"0":{"name":"(empty-report)","decl":{"start":{"line":1,"column":19430},"end":{"line":469,"column":1}},"loc":{"start":{"line":1,"column":19430},"end":{"line":469,"column":1}},"line":1}},"f":{"0":0}}
,"/Users/jeong-uchang/admin-donggurami-net/src/components/example.tsx": {"path":"/Users/jeong-uchang/admin-donggurami-net/src/components/example.tsx","all":true,"statementMap":{"0":{"start":{"line":1,"column":0},"end":{"line":1,"column":32}},"2":{"start":{"line":3,"column":0},"end":{"line":3,"column":79}},"3":{"start":{"line":4,"column":0},"end":{"line":4,"column":10}},"4":{"start":{"line":5,"column":0},"end":{"line":5,"column":42}},"5":{"start":{"line":6,"column":0},"end":{"line":6,"column":10}},"6":{"start":{"line":7,"column":0},"end":{"line":7,"column":35}},"7":{"start":{"line":8,"column":0},"end":{"line":8,"column":22}},"8":{"start":{"line":9,"column":0},"end":{"line":9,"column":168}},"10":{"start":{"line":11,"column":0},"end":{"line":11,"column":19}},"11":{"start":{"line":12,"column":0},"end":{"line":12,"column":10}},"12":{"start":{"line":13,"column":0},"end":{"line":13,"column":18}},"13":{"start":{"line":14,"column":0},"end":{"line":14,"column":8}},"14":{"start":{"line":15,"column":0},"end":{"line":15,"column":10}},"16":{"start":{"line":17,"column":0},"end":{"line":17,"column":1}},"18":{"start":{"line":19,"column":0},"end":{"line":19,"column":18}},"19":{"start":{"line":20,"column":0},"end":{"line":20,"column":8}},"20":{"start":{"line":21,"column":0},"end":{"line":21,"column":11}},"21":{"start":{"line":22,"column":0},"end":{"line":22,"column":12}},"22":{"start":{"line":23,"column":0},"end":{"line":23,"column":21}},"23":{"start":{"line":24,"column":0},"end":{"line":24,"column":10}},"24":{"start":{"line":25,"column":0},"end":{"line":25,"column":34}},"27":{"start":{"line":28,"column":0},"end":{"line":28,"column":4}},"28":{"start":{"line":29,"column":0},"end":{"line":29,"column":10}},"29":{"start":{"line":30,"column":0},"end":{"line":30,"column":8}},"30":{"start":{"line":31,"column":0},"end":{"line":31,"column":25}},"31":{"start":{"line":32,"column":0},"end":{"line":32,"column":20}},"32":{"start":{"line":33,"column":0},"end":{"line":33,"column":89}},"33":{"start":{"line":34,"column":0},"end":{"line":34,"column":26}},"34":{"start":{"line":35,"column":0},"end":{"line":35,"column":8}},"35":{"start":{"line":36,"column":0},"end":{"line":36,"column":16}},"37":{"start":{"line":38,"column":0},"end":{"line":38,"column":77}},"38":{"start":{"line":39,"column":0},"end":{"line":39,"column":15}},"39":{"start":{"line":40,"column":0},"end":{"line":40,"column":12}},"40":{"start":{"line":41,"column":0},"end":{"line":41,"column":10}},"41":{"start":{"line":42,"column":0},"end":{"line":42,"column":35}},"42":{"start":{"line":43,"column":0},"end":{"line":43,"column":22}},"43":{"start":{"line":44,"column":0},"end":{"line":44,"column":155}},"44":{"start":{"line":45,"column":0},"end":{"line":45,"column":19}},"45":{"start":{"line":46,"column":0},"end":{"line":46,"column":10}},"47":{"start":{"line":48,"column":0},"end":{"line":48,"column":18}},"48":{"start":{"line":49,"column":0},"end":{"line":49,"column":12}},"49":{"start":{"line":50,"column":0},"end":{"line":50,"column":10}},"51":{"start":{"line":52,"column":0},"end":{"line":52,"column":1}}},"s":{"0":0,"2":0,"3":0,"4":0,"5":0,"6":0,"7":0,"8":0,"10":0,"11":0,"12":0,"13":0,"14":0,"16":0,"18":0,"19":0,"20":0,"21":0,"22":0,"23":0,"24":0,"27":0,"28":0,"29":0,"30":0,"31":0,"32":0,"33":0,"34":0,"35":0,"37":0,"38":0,"39":0,"40":0,"41":0,"42":0,"43":0,"44":0,"45":0,"47":0,"48":0,"49":0,"51":0},"branchMap":{"0":{"type":"branch","line":1,"loc":{"start":{"line":1,"column":1329},"end":{"line":54,"column":34}},"locations":[{"start":{"line":1,"column":1329},"end":{"line":54,"column":34}}]}},"b":{"0":[0]},"fnMap":{"0":{"name":"(empty-report)","decl":{"start":{"line":1,"column":1329},"end":{"line":54,"column":34}},"loc":{"start":{"line":1,"column":1329},"end":{"line":54,"column":34}},"line":1}},"f":{"0":0}}
,"/Users/jeong-uchang/admin-donggurami-net/src/components/mode-toggle.tsx": {"path":"/Users/jeong-uchang/admin-donggurami-net/src/components/mode-toggle.tsx","all":true,"statementMap":{"0":{"start":{"line":1,"column":0},"end":{"line":1,"column":49}},"1":{"start":{"line":2,"column":0},"end":{"line":2,"column":55}},"2":{"start":{"line":3,"column":0},"end":{"line":3,"column":8}},"8":{"start":{"line":9,"column":0},"end":{"line":9,"column":54}},"10":{"start":{"line":11,"column":0},"end":{"line":11,"column":30}},"11":{"start":{"line":12,"column":0},"end":{"line":12,"column":40}},"13":{"start":{"line":14,"column":0},"end":{"line":14,"column":10}},"14":{"start":{"line":15,"column":0},"end":{"line":15,"column":18}},"15":{"start":{"line":16,"column":0},"end":{"line":16,"column":92}},"16":{"start":{"line":17,"column":0},"end":{"line":17,"column":33}},"17":{"start":{"line":18,"column":0},"end":{"line":18,"column":42}},"19":{"start":{"line":20,"column":0},"end":{"line":20,"column":14}},"20":{"start":{"line":21,"column":0},"end":{"line":21,"column":103}},"21":{"start":{"line":22,"column":0},"end":{"line":22,"column":112}},"22":{"start":{"line":23,"column":0},"end":{"line":23,"column":15}},"24":{"start":{"line":25,"column":0},"end":{"line":25,"column":55}},"25":{"start":{"line":26,"column":0},"end":{"line":26,"column":28}},"26":{"start":{"line":27,"column":0},"end":{"line":27,"column":39}},"27":{"start":{"line":28,"column":0},"end":{"line":28,"column":60}},"28":{"start":{"line":29,"column":0},"end":{"line":29,"column":41}},"29":{"start":{"line":30,"column":0},"end":{"line":30,"column":28}},"30":{"start":{"line":31,"column":0},"end":{"line":31,"column":27}},"31":{"start":{"line":32,"column":0},"end":{"line":32,"column":59}},"32":{"start":{"line":33,"column":0},"end":{"line":33,"column":42}},"33":{"start":{"line":34,"column":0},"end":{"line":34,"column":27}},"34":{"start":{"line":35,"column":0},"end":{"line":35,"column":27}},"35":{"start":{"line":36,"column":0},"end":{"line":36,"column":61}},"36":{"start":{"line":37,"column":0},"end":{"line":37,"column":45}},"37":{"start":{"line":38,"column":0},"end":{"line":38,"column":29}},"38":{"start":{"line":39,"column":0},"end":{"line":39,"column":27}},"39":{"start":{"line":40,"column":0},"end":{"line":40,"column":28}},"40":{"start":{"line":41,"column":0},"end":{"line":41,"column":19}},"42":{"start":{"line":43,"column":0},"end":{"line":43,"column":1}}},"s":{"0":0,"1":0,"2":0,"8":0,"10":0,"11":0,"13":0,"14":0,"15":0,"16":0,"17":0,"19":0,"20":0,"21":0,"22":0,"24":0,"25":0,"26":0,"27":0,"28":0,"29":0,"30":0,"31":0,"32":0,"33":0,"34":0,"35":0,"36":0,"37":0,"38":0,"39":0,"40":0,"42":0},"branchMap":{"0":{"type":"branch","line":1,"loc":{"start":{"line":1,"column":1506},"end":{"line":43,"column":1}},"locations":[{"start":{"line":1,"column":1506},"end":{"line":43,"column":1}}]}},"b":{"0":[0]},"fnMap":{"0":{"name":"(empty-report)","decl":{"start":{"line":1,"column":1506},"end":{"line":43,"column":1}},"loc":{"start":{"line":1,"column":1506},"end":{"line":43,"column":1}},"line":1}},"f":{"0":0}}
,"/Users/jeong-uchang/admin-donggurami-net/src/components/theme-provider.tsx": {"path":"/Users/jeong-uchang/admin-donggurami-net/src/components/theme-provider.tsx","all":true,"statementMap":{"0":{"start":{"line":1,"column":0},"end":{"line":1,"column":70}},"15":{"start":{"line":16,"column":0},"end":{"line":16,"column":42}},"16":{"start":{"line":17,"column":0},"end":{"line":17,"column":18}},"17":{"start":{"line":18,"column":0},"end":{"line":18,"column":23}},"18":{"start":{"line":19,"column":0},"end":{"line":19,"column":1}},"20":{"start":{"line":21,"column":0},"end":{"line":21,"column":76}},"22":{"start":{"line":23,"column":0},"end":{"line":23,"column":31}},"23":{"start":{"line":24,"column":0},"end":{"line":24,"column":11}},"24":{"start":{"line":25,"column":0},"end":{"line":25,"column":26}},"25":{"start":{"line":26,"column":0},"end":{"line":26,"column":31}},"26":{"start":{"line":27,"column":0},"end":{"line":27,"column":24}},"27":{"start":{"line":28,"column":0},"end":{"line":28,"column":44}},"28":{"start":{"line":29,"column":0},"end":{"line":29,"column":69}},"29":{"start":{"line":30,"column":0},"end":{"line":30,"column":3}},"31":{"start":{"line":32,"column":0},"end":{"line":32,"column":19}},"32":{"start":{"line":33,"column":0},"end":{"line":33,"column":48}},"34":{"start":{"line":35,"column":0},"end":{"line":35,"column":42}},"36":{"start":{"line":37,"column":0},"end":{"line":37,"column":29}},"37":{"start":{"line":38,"column":0},"end":{"line":38,"column":75}},"38":{"start":{"line":39,"column":0},"end":{"line":39,"column":16}},"39":{"start":{"line":40,"column":0},"end":{"line":40,"column":16}},"40":{"start":{"line":41,"column":0},"end":{"line":41,"column":17}},"42":{"start":{"line":43,"column":0},"end":{"line":43,"column":37}},"43":{"start":{"line":44,"column":0},"end":{"line":44,"column":12}},"44":{"start":{"line":45,"column":0},"end":{"line":45,"column":5}},"46":{"start":{"line":47,"column":0},"end":{"line":47,"column":29}},"47":{"start":{"line":48,"column":0},"end":{"line":48,"column":13}},"49":{"start":{"line":50,"column":0},"end":{"line":50,"column":17}},"50":{"start":{"line":51,"column":0},"end":{"line":51,"column":10}},"51":{"start":{"line":52,"column":0},"end":{"line":52,"column":33}},"52":{"start":{"line":53,"column":0},"end":{"line":53,"column":45}},"53":{"start":{"line":54,"column":0},"end":{"line":54,"column":21}},"54":{"start":{"line":55,"column":0},"end":{"line":55,"column":6}},"55":{"start":{"line":56,"column":0},"end":{"line":56,"column":3}},"57":{"start":{"line":58,"column":0},"end":{"line":58,"column":10}},"58":{"start":{"line":59,"column":0},"end":{"line":59,"column":49}},"59":{"start":{"line":60,"column":0},"end":{"line":60,"column":16}},"60":{"start":{"line":61,"column":0},"end":{"line":61,"column":36}},"62":{"start":{"line":63,"column":0},"end":{"line":63,"column":1}},"64":{"start":{"line":65,"column":0},"end":{"line":65,"column":31}},"65":{"start":{"line":66,"column":0},"end":{"line":66,"column":50}},"67":{"start":{"line":68,"column":0},"end":{"line":68,"column":28}},"68":{"start":{"line":69,"column":0},"end":{"line":69,"column":67}},"70":{"start":{"line":71,"column":0},"end":{"line":71,"column":16}},"71":{"start":{"line":72,"column":0},"end":{"line":72,"column":1}}},"s":{"0":0,"15":0,"16":0,"17":0,"18":0,"20":0,"22":0,"23":0,"24":0,"25":0,"26":0,"27":0,"28":0,"29":0,"31":0,"32":0,"34":0,"36":0,"37":0,"38":0,"39":0,"40":0,"42":0,"43":0,"44":0,"46":0,"47":0,"49":0,"50":0,"51":0,"52":0,"53":0,"54":0,"55":0,"57":0,"58":0,"59":0,"60":0,"62":0,"64":0,"65":0,"67":0,"68":0,"70":0,"71":0},"branchMap":{"0":{"type":"branch","line":1,"loc":{"start":{"line":1,"column":1555},"end":{"line":72,"column":1}},"locations":[{"start":{"line":1,"column":1555},"end":{"line":72,"column":1}}]}},"b":{"0":[0]},"fnMap":{"0":{"name":"(empty-report)","decl":{"start":{"line":1,"column":1555},"end":{"line":72,"column":1}},"loc":{"start":{"line":1,"column":1555},"end":{"line":72,"column":1}},"line":1}},"f":{"0":0}}
,"/Users/jeong-uchang/admin-donggurami-net/src/components/auth/AuthInitializer.tsx": {"path":"/Users/jeong-uchang/admin-donggurami-net/src/components/auth/AuthInitializer.tsx","all":true,"statementMap":{"0":{"start":{"line":1,"column":0},"end":{"line":1,"column":54}},"11":{"start":{"line":12,"column":0},"end":{"line":12,"column":78}},"12":{"start":{"line":13,"column":0},"end":{"line":13,"column":25}},"13":{"start":{"line":14,"column":0},"end":{"line":14,"column":24}},"14":{"start":{"line":15,"column":0},"end":{"line":15,"column":1}}},"s":{"0":0,"11":0,"12":0,"13":0,"14":0},"branchMap":{"0":{"type":"branch","line":1,"loc":{"start":{"line":1,"column":480},"end":{"line":15,"column":1}},"locations":[{"start":{"line":1,"column":480},"end":{"line":15,"column":1}}]}},"b":{"0":[0]},"fnMap":{"0":{"name":"(empty-report)","decl":{"start":{"line":1,"column":480},"end":{"line":15,"column":1}},"loc":{"start":{"line":1,"column":480},"end":{"line":15,"column":1}},"line":1}},"f":{"0":0}}
,"/Users/jeong-uchang/admin-donggurami-net/src/components/auth/ProtectedRoute.tsx": {"path":"/Users/jeong-uchang/admin-donggurami-net/src/components/auth/ProtectedRoute.tsx","all":true,"statementMap":{"0":{"start":{"line":1,"column":0},"end":{"line":1,"column":33}},"1":{"start":{"line":2,"column":0},"end":{"line":2,"column":42}},"2":{"start":{"line":3,"column":0},"end":{"line":3,"column":61}},"12":{"start":{"line":13,"column":0},"end":{"line":13,"column":70}},"13":{"start":{"line":14,"column":0},"end":{"line":14,"column":32}},"14":{"start":{"line":15,"column":0},"end":{"line":15,"column":57}},"16":{"start":{"line":17,"column":0},"end":{"line":17,"column":19}},"18":{"start":{"line":19,"column":0},"end":{"line":19,"column":43}},"19":{"start":{"line":20,"column":0},"end":{"line":20,"column":43}},"20":{"start":{"line":21,"column":0},"end":{"line":21,"column":5}},"21":{"start":{"line":22,"column":0},"end":{"line":22,"column":46}},"24":{"start":{"line":25,"column":0},"end":{"line":25,"column":41}},"25":{"start":{"line":26,"column":0},"end":{"line":26,"column":15}},"26":{"start":{"line":27,"column":0},"end":{"line":27,"column":3}},"28":{"start":{"line":29,"column":0},"end":{"line":29,"column":24}},"29":{"start":{"line":30,"column":0},"end":{"line":30,"column":1}}},"s":{"0":0,"1":0,"2":0,"12":0,"13":0,"14":0,"16":0,"18":0,"19":0,"20":0,"21":0,"24":0,"25":0,"26":0,"28":0,"29":0},"branchMap":{"0":{"type":"branch","line":1,"loc":{"start":{"line":1,"column":859},"end":{"line":30,"column":1}},"locations":[{"start":{"line":1,"column":859},"end":{"line":30,"column":1}}]}},"b":{"0":[0]},"fnMap":{"0":{"name":"(empty-report)","decl":{"start":{"line":1,"column":859},"end":{"line":30,"column":1}},"loc":{"start":{"line":1,"column":859},"end":{"line":30,"column":1}},"line":1}},"f":{"0":0}}
,"/Users/jeong-uchang/admin-donggurami-net/src/components/layout/AdminLayout.tsx": {"path":"/Users/jeong-uchang/admin-donggurami-net/src/components/layout/AdminLayout.tsx","all":true,"statementMap":{"0":{"start":{"line":1,"column":0},"end":{"line":1,"column":37}},"1":{"start":{"line":2,"column":0},"end":{"line":2,"column":87}},"2":{"start":{"line":3,"column":0},"end":{"line":3,"column":41}},"4":{"start":{"line":5,"column":0},"end":{"line":5,"column":31}},"5":{"start":{"line":6,"column":0},"end":{"line":6,"column":10}},"6":{"start":{"line":7,"column":0},"end":{"line":7,"column":21}},"7":{"start":{"line":8,"column":0},"end":{"line":8,"column":20}},"8":{"start":{"line":9,"column":0},"end":{"line":9,"column":20}},"9":{"start":{"line":10,"column":0},"end":{"line":10,"column":81}},"10":{"start":{"line":11,"column":0},"end":{"line":11,"column":28}},"11":{"start":{"line":12,"column":0},"end":{"line":12,"column":51}},"12":{"start":{"line":13,"column":0},"end":{"line":13,"column":17}},"13":{"start":{"line":14,"column":0},"end":{"line":14,"column":51}},"14":{"start":{"line":15,"column":0},"end":{"line":15,"column":20}},"15":{"start":{"line":16,"column":0},"end":{"line":16,"column":15}},"16":{"start":{"line":17,"column":0},"end":{"line":17,"column":21}},"17":{"start":{"line":18,"column":0},"end":{"line":18,"column":22}},"19":{"start":{"line":20,"column":0},"end":{"line":20,"column":1}}},"s":{"0":0,"1":0,"2":0,"4":0,"5":0,"6":0,"7":0,"8":0,"9":0,"10":0,"11":0,"12":0,"13":0,"14":0,"15":0,"16":0,"17":0,"19":0},"branchMap":{"0":{"type":"branch","line":1,"loc":{"start":{"line":1,"column":596},"end":{"line":20,"column":1}},"locations":[{"start":{"line":1,"column":596},"end":{"line":20,"column":1}}]}},"b":{"0":[0]},"fnMap":{"0":{"name":"(empty-report)","decl":{"start":{"line":1,"column":596},"end":{"line":20,"column":1}},"loc":{"start":{"line":1,"column":596},"end":{"line":20,"column":1}},"line":1}},"f":{"0":0}}
,"/Users/jeong-uchang/admin-donggurami-net/src/components/layout/AppSidebar.tsx": {"path":"/Users/jeong-uchang/admin-donggurami-net/src/components/layout/AppSidebar.tsx","all":true,"statementMap":{"0":{"start":{"line":1,"column":0},"end":{"line":1,"column":55}},"1":{"start":{"line":2,"column":0},"end":{"line":2,"column":48}},"2":{"start":{"line":3,"column":0},"end":{"line":3,"column":8}},"10":{"start":{"line":11,"column":0},"end":{"line":11,"column":8}},"26":{"start":{"line":27,"column":0},"end":{"line":27,"column":47}},"27":{"start":{"line":28,"column":0},"end":{"line":28,"column":76}},"28":{"start":{"line":29,"column":0},"end":{"line":29,"column":62}},"29":{"start":{"line":30,"column":0},"end":{"line":30,"column":75}},"31":{"start":{"line":32,"column":0},"end":{"line":32,"column":53}},"33":{"start":{"line":34,"column":0},"end":{"line":34,"column":30}},"34":{"start":{"line":35,"column":0},"end":{"line":35,"column":32}},"35":{"start":{"line":36,"column":0},"end":{"line":36,"column":32}},"36":{"start":{"line":37,"column":0},"end":{"line":37,"column":65}},"37":{"start":{"line":38,"column":0},"end":{"line":38,"column":37}},"40":{"start":{"line":41,"column":0},"end":{"line":41,"column":66}},"41":{"start":{"line":42,"column":0},"end":{"line":42,"column":43}},"43":{"start":{"line":44,"column":0},"end":{"line":44,"column":46}},"44":{"start":{"line":45,"column":0},"end":{"line":45,"column":18}},"45":{"start":{"line":46,"column":0},"end":{"line":46,"column":19}},"46":{"start":{"line":47,"column":0},"end":{"line":47,"column":26}},"47":{"start":{"line":48,"column":0},"end":{"line":48,"column":5}},"48":{"start":{"line":49,"column":0},"end":{"line":49,"column":3}},"50":{"start":{"line":51,"column":0},"end":{"line":51,"column":30}},"51":{"start":{"line":52,"column":0},"end":{"line":52,"column":22}},"52":{"start":{"line":53,"column":0},"end":{"line":53,"column":3}},"54":{"start":{"line":55,"column":0},"end":{"line":55,"column":60}},"55":{"start":{"line":56,"column":0},"end":{"line":56,"column":72}},"58":{"start":{"line":59,"column":0},"end":{"line":59,"column":22}},"59":{"start":{"line":60,"column":0},"end":{"line":60,"column":46}},"60":{"start":{"line":61,"column":0},"end":{"line":61,"column":45}},"61":{"start":{"line":62,"column":0},"end":{"line":62,"column":46}},"62":{"start":{"line":63,"column":0},"end":{"line":63,"column":3}},"64":{"start":{"line":65,"column":0},"end":{"line":65,"column":10}},"65":{"start":{"line":66,"column":0},"end":{"line":66,"column":32}},"67":{"start":{"line":68,"column":0},"end":{"line":68,"column":21}},"68":{"start":{"line":69,"column":0},"end":{"line":69,"column":114}},"70":{"start":{"line":71,"column":0},"end":{"line":71,"column":15}},"71":{"start":{"line":72,"column":0},"end":{"line":72,"column":78}},"72":{"start":{"line":73,"column":0},"end":{"line":73,"column":74}},"73":{"start":{"line":74,"column":0},"end":{"line":74,"column":11}},"75":{"start":{"line":76,"column":0},"end":{"line":76,"column":17}},"78":{"start":{"line":79,"column":0},"end":{"line":79,"column":17}},"79":{"start":{"line":80,"column":0},"end":{"line":80,"column":27}},"80":{"start":{"line":81,"column":0},"end":{"line":81,"column":26}},"81":{"start":{"line":82,"column":0},"end":{"line":82,"column":35}},"82":{"start":{"line":83,"column":0},"end":{"line":83,"column":65}},"84":{"start":{"line":85,"column":0},"end":{"line":85,"column":73}},"85":{"start":{"line":86,"column":0},"end":{"line":86,"column":19}},"88":{"start":{"line":89,"column":0},"end":{"line":89,"column":17}},"89":{"start":{"line":90,"column":0},"end":{"line":90,"column":27}},"90":{"start":{"line":91,"column":0},"end":{"line":91,"column":26}},"91":{"start":{"line":92,"column":0},"end":{"line":92,"column":35}},"92":{"start":{"line":93,"column":0},"end":{"line":93,"column":60}},"94":{"start":{"line":95,"column":0},"end":{"line":95,"column":73}},"95":{"start":{"line":96,"column":0},"end":{"line":96,"column":19}},"96":{"start":{"line":97,"column":0},"end":{"line":97,"column":14}},"97":{"start":{"line":98,"column":0},"end":{"line":98,"column":22}},"99":{"start":{"line":100,"column":0},"end":{"line":100,"column":22}},"101":{"start":{"line":102,"column":0},"end":{"line":102,"column":22}},"102":{"start":{"line":103,"column":0},"end":{"line":103,"column":51}},"103":{"start":{"line":104,"column":0},"end":{"line":104,"column":31}},"104":{"start":{"line":105,"column":0},"end":{"line":105,"column":25}},"106":{"start":{"line":107,"column":0},"end":{"line":107,"column":31}},"107":{"start":{"line":108,"column":0},"end":{"line":108,"column":34}},"108":{"start":{"line":109,"column":0},"end":{"line":109,"column":64}},"109":{"start":{"line":110,"column":0},"end":{"line":110,"column":32}},"110":{"start":{"line":111,"column":0},"end":{"line":111,"column":63}},"112":{"start":{"line":113,"column":0},"end":{"line":113,"column":53}},"113":{"start":{"line":114,"column":0},"end":{"line":114,"column":35}},"114":{"start":{"line":115,"column":0},"end":{"line":115,"column":36}},"115":{"start":{"line":116,"column":0},"end":{"line":116,"column":32}},"118":{"start":{"line":119,"column":0},"end":{"line":119,"column":31}},"119":{"start":{"line":120,"column":0},"end":{"line":120,"column":34}},"120":{"start":{"line":121,"column":0},"end":{"line":121,"column":70}},"121":{"start":{"line":122,"column":0},"end":{"line":122,"column":34}},"122":{"start":{"line":123,"column":0},"end":{"line":123,"column":41}},"124":{"start":{"line":125,"column":0},"end":{"line":125,"column":57}},"125":{"start":{"line":126,"column":0},"end":{"line":126,"column":37}},"126":{"start":{"line":127,"column":0},"end":{"line":127,"column":36}},"127":{"start":{"line":128,"column":0},"end":{"line":128,"column":32}},"128":{"start":{"line":129,"column":0},"end":{"line":129,"column":38}},"129":{"start":{"line":130,"column":0},"end":{"line":130,"column":41}},"130":{"start":{"line":131,"column":0},"end":{"line":131,"column":74}},"131":{"start":{"line":132,"column":0},"end":{"line":132,"column":73}},"133":{"start":{"line":134,"column":0},"end":{"line":134,"column":42}},"134":{"start":{"line":135,"column":0},"end":{"line":135,"column":43}},"135":{"start":{"line":136,"column":0},"end":{"line":136,"column":39}},"136":{"start":{"line":137,"column":0},"end":{"line":137,"column":38}},"137":{"start":{"line":138,"column":0},"end":{"line":138,"column":41}},"138":{"start":{"line":139,"column":0},"end":{"line":139,"column":75}},"139":{"start":{"line":140,"column":0},"end":{"line":140,"column":74}},"141":{"start":{"line":142,"column":0},"end":{"line":142,"column":43}},"142":{"start":{"line":143,"column":0},"end":{"line":143,"column":43}},"143":{"start":{"line":144,"column":0},"end":{"line":144,"column":39}},"144":{"start":{"line":145,"column":0},"end":{"line":145,"column":33}},"145":{"start":{"line":146,"column":0},"end":{"line":146,"column":32}},"148":{"start":{"line":149,"column":0},"end":{"line":149,"column":31}},"149":{"start":{"line":150,"column":0},"end":{"line":150,"column":34}},"150":{"start":{"line":151,"column":0},"end":{"line":151,"column":72}},"151":{"start":{"line":152,"column":0},"end":{"line":152,"column":34}},"152":{"start":{"line":153,"column":0},"end":{"line":153,"column":47}},"154":{"start":{"line":155,"column":0},"end":{"line":155,"column":56}},"155":{"start":{"line":156,"column":0},"end":{"line":156,"column":37}},"156":{"start":{"line":157,"column":0},"end":{"line":157,"column":36}},"157":{"start":{"line":158,"column":0},"end":{"line":158,"column":32}},"158":{"start":{"line":159,"column":0},"end":{"line":159,"column":38}},"159":{"start":{"line":160,"column":0},"end":{"line":160,"column":41}},"160":{"start":{"line":161,"column":0},"end":{"line":161,"column":76}},"161":{"start":{"line":162,"column":0},"end":{"line":162,"column":75}},"163":{"start":{"line":164,"column":0},"end":{"line":164,"column":41}},"164":{"start":{"line":165,"column":0},"end":{"line":165,"column":43}},"165":{"start":{"line":166,"column":0},"end":{"line":166,"column":39}},"166":{"start":{"line":167,"column":0},"end":{"line":167,"column":38}},"167":{"start":{"line":168,"column":0},"end":{"line":168,"column":41}},"168":{"start":{"line":169,"column":0},"end":{"line":169,"column":78}},"169":{"start":{"line":170,"column":0},"end":{"line":170,"column":77}},"171":{"start":{"line":172,"column":0},"end":{"line":172,"column":41}},"172":{"start":{"line":173,"column":0},"end":{"line":173,"column":43}},"173":{"start":{"line":174,"column":0},"end":{"line":174,"column":39}},"174":{"start":{"line":175,"column":0},"end":{"line":175,"column":33}},"175":{"start":{"line":176,"column":0},"end":{"line":176,"column":32}},"178":{"start":{"line":179,"column":0},"end":{"line":179,"column":31}},"179":{"start":{"line":180,"column":0},"end":{"line":180,"column":34}},"180":{"start":{"line":181,"column":0},"end":{"line":181,"column":62}},"181":{"start":{"line":182,"column":0},"end":{"line":182,"column":32}},"182":{"start":{"line":183,"column":0},"end":{"line":183,"column":61}},"184":{"start":{"line":185,"column":0},"end":{"line":185,"column":58}},"185":{"start":{"line":186,"column":0},"end":{"line":186,"column":35}},"186":{"start":{"line":187,"column":0},"end":{"line":187,"column":36}},"187":{"start":{"line":188,"column":0},"end":{"line":188,"column":32}},"188":{"start":{"line":189,"column":0},"end":{"line":189,"column":26}},"189":{"start":{"line":190,"column":0},"end":{"line":190,"column":32}},"190":{"start":{"line":191,"column":0},"end":{"line":191,"column":23}},"191":{"start":{"line":192,"column":0},"end":{"line":192,"column":23}},"193":{"start":{"line":194,"column":0},"end":{"line":194,"column":21}},"195":{"start":{"line":196,"column":0},"end":{"line":196,"column":76}},"196":{"start":{"line":197,"column":0},"end":{"line":197,"column":61}},"197":{"start":{"line":198,"column":0},"end":{"line":198,"column":40}},"198":{"start":{"line":199,"column":0},"end":{"line":199,"column":195}},"199":{"start":{"line":200,"column":0},"end":{"line":200,"column":78}},"200":{"start":{"line":201,"column":0},"end":{"line":201,"column":21}},"201":{"start":{"line":202,"column":0},"end":{"line":202,"column":44}},"202":{"start":{"line":203,"column":0},"end":{"line":203,"column":79}},"203":{"start":{"line":204,"column":0},"end":{"line":204,"column":96}},"204":{"start":{"line":205,"column":0},"end":{"line":205,"column":18}},"205":{"start":{"line":206,"column":0},"end":{"line":206,"column":16}},"208":{"start":{"line":209,"column":0},"end":{"line":209,"column":71}},"209":{"start":{"line":210,"column":0},"end":{"line":210,"column":72}},"210":{"start":{"line":211,"column":0},"end":{"line":211,"column":26}},"211":{"start":{"line":212,"column":0},"end":{"line":212,"column":16}},"213":{"start":{"line":214,"column":0},"end":{"line":214,"column":23}},"214":{"start":{"line":215,"column":0},"end":{"line":215,"column":29}},"215":{"start":{"line":216,"column":0},"end":{"line":216,"column":56}},"216":{"start":{"line":217,"column":0},"end":{"line":217,"column":53}},"217":{"start":{"line":218,"column":0},"end":{"line":218,"column":33}},"218":{"start":{"line":219,"column":0},"end":{"line":219,"column":34}},"219":{"start":{"line":220,"column":0},"end":{"line":220,"column":30}},"220":{"start":{"line":221,"column":0},"end":{"line":221,"column":24}},"223":{"start":{"line":224,"column":0},"end":{"line":224,"column":78}},"224":{"start":{"line":225,"column":0},"end":{"line":225,"column":59}},"226":{"start":{"line":227,"column":0},"end":{"line":227,"column":16}},"227":{"start":{"line":228,"column":0},"end":{"line":228,"column":57}},"229":{"start":{"line":230,"column":0},"end":{"line":230,"column":16}},"230":{"start":{"line":231,"column":0},"end":{"line":231,"column":16}},"231":{"start":{"line":232,"column":0},"end":{"line":232,"column":14}},"234":{"start":{"line":235,"column":0},"end":{"line":235,"column":100}},"235":{"start":{"line":236,"column":0},"end":{"line":236,"column":38}},"236":{"start":{"line":237,"column":0},"end":{"line":237,"column":193}},"237":{"start":{"line":238,"column":0},"end":{"line":238,"column":76}},"238":{"start":{"line":239,"column":0},"end":{"line":239,"column":19}},"239":{"start":{"line":240,"column":0},"end":{"line":240,"column":47}},"240":{"start":{"line":241,"column":0},"end":{"line":241,"column":26}},"241":{"start":{"line":242,"column":0},"end":{"line":242,"column":16}},"242":{"start":{"line":243,"column":0},"end":{"line":243,"column":23}},"243":{"start":{"line":244,"column":0},"end":{"line":244,"column":29}},"244":{"start":{"line":245,"column":0},"end":{"line":245,"column":71}},"245":{"start":{"line":246,"column":0},"end":{"line":246,"column":53}},"246":{"start":{"line":247,"column":0},"end":{"line":247,"column":34}},"247":{"start":{"line":248,"column":0},"end":{"line":248,"column":30}},"248":{"start":{"line":249,"column":0},"end":{"line":249,"column":24}},"249":{"start":{"line":250,"column":0},"end":{"line":250,"column":14}},"250":{"start":{"line":251,"column":0},"end":{"line":251,"column":22}},"251":{"start":{"line":252,"column":0},"end":{"line":252,"column":14}},"253":{"start":{"line":254,"column":0},"end":{"line":254,"column":1}}},"s":{"0":0,"1":0,"2":0,"10":0,"26":0,"27":0,"28":0,"29":0,"31":0,"33":0,"34":0,"35":0,"36":0,"37":0,"40":0,"41":0,"43":0,"44":0,"45":0,"46":0,"47":0,"48":0,"50":0,"51":0,"52":0,"54":0,"55":0,"58":0,"59":0,"60":0,"61":0,"62":0,"64":0,"65":0,"67":0,"68":0,"70":0,"71":0,"72":0,"73":0,"75":0,"78":0,"79":0,"80":0,"81":0,"82":0,"84":0,"85":0,"88":0,"89":0,"90":0,"91":0,"92":0,"94":0,"95":0,"96":0,"97":0,"99":0,"101":0,"102":0,"103":0,"104":0,"106":0,"107":0,"108":0,"109":0,"110":0,"112":0,"113":0,"114":0,"115":0,"118":0,"119":0,"120":0,"121":0,"122":0,"124":0,"125":0,"126":0,"127":0,"128":0,"129":0,"130":0,"131":0,"133":0,"134":0,"135":0,"136":0,"137":0,"138":0,"139":0,"141":0,"142":0,"143":0,"144":0,"145":0,"148":0,"149":0,"150":0,"151":0,"152":0,"154":0,"155":0,"156":0,"157":0,"158":0,"159":0,"160":0,"161":0,"163":0,"164":0,"165":0,"166":0,"167":0,"168":0,"169":0,"171":0,"172":0,"173":0,"174":0,"175":0,"178":0,"179":0,"180":0,"181":0,"182":0,"184":0,"185":0,"186":0,"187":0,"188":0,"189":0,"190":0,"191":0,"193":0,"195":0,"196":0,"197":0,"198":0,"199":0,"200":0,"201":0,"202":0,"203":0,"204":0,"205":0,"208":0,"209":0,"210":0,"211":0,"213":0,"214":0,"215":0,"216":0,"217":0,"218":0,"219":0,"220":0,"223":0,"224":0,"226":0,"227":0,"229":0,"230":0,"231":0,"234":0,"235":0,"236":0,"237":0,"238":0,"239":0,"240":0,"241":0,"242":0,"243":0,"244":0,"245":0,"246":0,"247":0,"248":0,"249":0,"250":0,"251":0,"253":0},"branchMap":{"0":{"type":"branch","line":1,"loc":{"start":{"line":1,"column":9029},"end":{"line":254,"column":1}},"locations":[{"start":{"line":1,"column":9029},"end":{"line":254,"column":1}}]}},"b":{"0":[0]},"fnMap":{"0":{"name":"(empty-report)","decl":{"start":{"line":1,"column":9029},"end":{"line":254,"column":1}},"loc":{"start":{"line":1,"column":9029},"end":{"line":254,"column":1}},"line":1}},"f":{"0":0}}
,"/Users/jeong-uchang/admin-donggurami-net/src/components/layout/UnionLayout.tsx": {"path":"/Users/jeong-uchang/admin-donggurami-net/src/components/layout/UnionLayout.tsx","all":true,"statementMap":{"0":{"start":{"line":1,"column":0},"end":{"line":1,"column":37}},"1":{"start":{"line":2,"column":0},"end":{"line":2,"column":87}},"2":{"start":{"line":3,"column":0},"end":{"line":3,"column":45}},"4":{"start":{"line":5,"column":0},"end":{"line":5,"column":31}},"5":{"start":{"line":6,"column":0},"end":{"line":6,"column":10}},"6":{"start":{"line":7,"column":0},"end":{"line":7,"column":21}},"7":{"start":{"line":8,"column":0},"end":{"line":8,"column":22}},"8":{"start":{"line":9,"column":0},"end":{"line":9,"column":20}},"9":{"start":{"line":10,"column":0},"end":{"line":10,"column":81}},"10":{"start":{"line":11,"column":0},"end":{"line":11,"column":28}},"11":{"start":{"line":12,"column":0},"end":{"line":12,"column":51}},"12":{"start":{"line":13,"column":0},"end":{"line":13,"column":17}},"13":{"start":{"line":14,"column":0},"end":{"line":14,"column":51}},"14":{"start":{"line":15,"column":0},"end":{"line":15,"column":20}},"15":{"start":{"line":16,"column":0},"end":{"line":16,"column":15}},"16":{"start":{"line":17,"column":0},"end":{"line":17,"column":21}},"17":{"start":{"line":18,"column":0},"end":{"line":18,"column":22}},"19":{"start":{"line":20,"column":0},"end":{"line":20,"column":1}}},"s":{"0":0,"1":0,"2":0,"4":0,"5":0,"6":0,"7":0,"8":0,"9":0,"10":0,"11":0,"12":0,"13":0,"14":0,"15":0,"16":0,"17":0,"19":0},"branchMap":{"0":{"type":"branch","line":1,"loc":{"start":{"line":1,"column":602},"end":{"line":20,"column":1}},"locations":[{"start":{"line":1,"column":602},"end":{"line":20,"column":1}}]}},"b":{"0":[0]},"fnMap":{"0":{"name":"(empty-report)","decl":{"start":{"line":1,"column":602},"end":{"line":20,"column":1}},"loc":{"start":{"line":1,"column":602},"end":{"line":20,"column":1}},"line":1}},"f":{"0":0}}
,"/Users/jeong-uchang/admin-donggurami-net/src/components/layout/UnionSidebar.tsx": {"path":"/Users/jeong-uchang/admin-donggurami-net/src/components/layout/UnionSidebar.tsx","all":true,"statementMap":{"0":{"start":{"line":1,"column":0},"end":{"line":1,"column":55}},"1":{"start":{"line":2,"column":0},"end":{"line":2,"column":48}},"2":{"start":{"line":3,"column":0},"end":{"line":3,"column":8}},"10":{"start":{"line":11,"column":0},"end":{"line":11,"column":8}},"26":{"start":{"line":27,"column":0},"end":{"line":27,"column":47}},"27":{"start":{"line":28,"column":0},"end":{"line":28,"column":63}},"28":{"start":{"line":29,"column":0},"end":{"line":29,"column":53}},"30":{"start":{"line":31,"column":0},"end":{"line":31,"column":32}},"31":{"start":{"line":32,"column":0},"end":{"line":32,"column":32}},"32":{"start":{"line":33,"column":0},"end":{"line":33,"column":32}},"33":{"start":{"line":34,"column":0},"end":{"line":34,"column":65}},"35":{"start":{"line":36,"column":0},"end":{"line":36,"column":46}},"36":{"start":{"line":37,"column":0},"end":{"line":37,"column":18}},"37":{"start":{"line":38,"column":0},"end":{"line":38,"column":19}},"38":{"start":{"line":39,"column":0},"end":{"line":39,"column":26}},"39":{"start":{"line":40,"column":0},"end":{"line":40,"column":5}},"40":{"start":{"line":41,"column":0},"end":{"line":41,"column":3}},"42":{"start":{"line":43,"column":0},"end":{"line":43,"column":30}},"43":{"start":{"line":44,"column":0},"end":{"line":44,"column":22}},"44":{"start":{"line":45,"column":0},"end":{"line":45,"column":3}},"46":{"start":{"line":47,"column":0},"end":{"line":47,"column":73}},"48":{"start":{"line":49,"column":0},"end":{"line":49,"column":10}},"49":{"start":{"line":50,"column":0},"end":{"line":50,"column":32}},"50":{"start":{"line":51,"column":0},"end":{"line":51,"column":21}},"51":{"start":{"line":52,"column":0},"end":{"line":52,"column":114}},"52":{"start":{"line":53,"column":0},"end":{"line":53,"column":15}},"53":{"start":{"line":54,"column":0},"end":{"line":54,"column":78}},"54":{"start":{"line":55,"column":0},"end":{"line":55,"column":74}},"55":{"start":{"line":56,"column":0},"end":{"line":56,"column":11}},"57":{"start":{"line":58,"column":0},"end":{"line":58,"column":17}},"59":{"start":{"line":60,"column":0},"end":{"line":60,"column":17}},"60":{"start":{"line":61,"column":0},"end":{"line":61,"column":27}},"61":{"start":{"line":62,"column":0},"end":{"line":62,"column":26}},"62":{"start":{"line":63,"column":0},"end":{"line":63,"column":35}},"63":{"start":{"line":64,"column":0},"end":{"line":64,"column":65}},"65":{"start":{"line":66,"column":0},"end":{"line":66,"column":73}},"66":{"start":{"line":67,"column":0},"end":{"line":67,"column":19}},"68":{"start":{"line":69,"column":0},"end":{"line":69,"column":17}},"69":{"start":{"line":70,"column":0},"end":{"line":70,"column":27}},"70":{"start":{"line":71,"column":0},"end":{"line":71,"column":26}},"71":{"start":{"line":72,"column":0},"end":{"line":72,"column":35}},"72":{"start":{"line":73,"column":0},"end":{"line":73,"column":60}},"74":{"start":{"line":75,"column":0},"end":{"line":75,"column":73}},"75":{"start":{"line":76,"column":0},"end":{"line":76,"column":19}},"76":{"start":{"line":77,"column":0},"end":{"line":77,"column":14}},"77":{"start":{"line":78,"column":0},"end":{"line":78,"column":22}},"79":{"start":{"line":80,"column":0},"end":{"line":80,"column":22}},"80":{"start":{"line":81,"column":0},"end":{"line":81,"column":22}},"81":{"start":{"line":82,"column":0},"end":{"line":82,"column":51}},"82":{"start":{"line":83,"column":0},"end":{"line":83,"column":31}},"83":{"start":{"line":84,"column":0},"end":{"line":84,"column":25}},"85":{"start":{"line":86,"column":0},"end":{"line":86,"column":31}},"86":{"start":{"line":87,"column":0},"end":{"line":87,"column":34}},"87":{"start":{"line":88,"column":0},"end":{"line":88,"column":70}},"88":{"start":{"line":89,"column":0},"end":{"line":89,"column":32}},"89":{"start":{"line":90,"column":0},"end":{"line":90,"column":69}},"91":{"start":{"line":92,"column":0},"end":{"line":92,"column":53}},"92":{"start":{"line":93,"column":0},"end":{"line":93,"column":35}},"93":{"start":{"line":94,"column":0},"end":{"line":94,"column":36}},"94":{"start":{"line":95,"column":0},"end":{"line":95,"column":32}},"97":{"start":{"line":98,"column":0},"end":{"line":98,"column":31}},"98":{"start":{"line":99,"column":0},"end":{"line":99,"column":34}},"99":{"start":{"line":100,"column":0},"end":{"line":100,"column":70}},"100":{"start":{"line":101,"column":0},"end":{"line":101,"column":34}},"101":{"start":{"line":102,"column":0},"end":{"line":102,"column":47}},"103":{"start":{"line":104,"column":0},"end":{"line":104,"column":57}},"104":{"start":{"line":105,"column":0},"end":{"line":105,"column":37}},"105":{"start":{"line":106,"column":0},"end":{"line":106,"column":36}},"106":{"start":{"line":107,"column":0},"end":{"line":107,"column":32}},"107":{"start":{"line":108,"column":0},"end":{"line":108,"column":38}},"108":{"start":{"line":109,"column":0},"end":{"line":109,"column":41}},"109":{"start":{"line":110,"column":0},"end":{"line":110,"column":74}},"110":{"start":{"line":111,"column":0},"end":{"line":111,"column":73}},"112":{"start":{"line":113,"column":0},"end":{"line":113,"column":41}},"113":{"start":{"line":114,"column":0},"end":{"line":114,"column":43}},"114":{"start":{"line":115,"column":0},"end":{"line":115,"column":39}},"115":{"start":{"line":116,"column":0},"end":{"line":116,"column":38}},"116":{"start":{"line":117,"column":0},"end":{"line":117,"column":41}},"117":{"start":{"line":118,"column":0},"end":{"line":118,"column":76}},"118":{"start":{"line":119,"column":0},"end":{"line":119,"column":75}},"120":{"start":{"line":121,"column":0},"end":{"line":121,"column":45}},"121":{"start":{"line":122,"column":0},"end":{"line":122,"column":43}},"122":{"start":{"line":123,"column":0},"end":{"line":123,"column":39}},"123":{"start":{"line":124,"column":0},"end":{"line":124,"column":38}},"124":{"start":{"line":125,"column":0},"end":{"line":125,"column":41}},"125":{"start":{"line":126,"column":0},"end":{"line":126,"column":81}},"126":{"start":{"line":127,"column":0},"end":{"line":127,"column":80}},"128":{"start":{"line":129,"column":0},"end":{"line":129,"column":46}},"129":{"start":{"line":130,"column":0},"end":{"line":130,"column":43}},"130":{"start":{"line":131,"column":0},"end":{"line":131,"column":39}},"131":{"start":{"line":132,"column":0},"end":{"line":132,"column":33}},"132":{"start":{"line":133,"column":0},"end":{"line":133,"column":32}},"135":{"start":{"line":136,"column":0},"end":{"line":136,"column":31}},"136":{"start":{"line":137,"column":0},"end":{"line":137,"column":34}},"137":{"start":{"line":138,"column":0},"end":{"line":138,"column":68}},"138":{"start":{"line":139,"column":0},"end":{"line":139,"column":32}},"139":{"start":{"line":140,"column":0},"end":{"line":140,"column":75}},"141":{"start":{"line":142,"column":0},"end":{"line":142,"column":58}},"142":{"start":{"line":143,"column":0},"end":{"line":143,"column":35}},"143":{"start":{"line":144,"column":0},"end":{"line":144,"column":36}},"144":{"start":{"line":145,"column":0},"end":{"line":145,"column":32}},"145":{"start":{"line":146,"column":0},"end":{"line":146,"column":26}},"146":{"start":{"line":147,"column":0},"end":{"line":147,"column":32}},"147":{"start":{"line":148,"column":0},"end":{"line":148,"column":23}},"148":{"start":{"line":149,"column":0},"end":{"line":149,"column":23}},"150":{"start":{"line":151,"column":0},"end":{"line":151,"column":21}},"152":{"start":{"line":153,"column":0},"end":{"line":153,"column":76}},"153":{"start":{"line":154,"column":0},"end":{"line":154,"column":61}},"154":{"start":{"line":155,"column":0},"end":{"line":155,"column":40}},"155":{"start":{"line":156,"column":0},"end":{"line":156,"column":30}},"156":{"start":{"line":157,"column":0},"end":{"line":157,"column":74}},"157":{"start":{"line":158,"column":0},"end":{"line":158,"column":31}},"158":{"start":{"line":159,"column":0},"end":{"line":159,"column":21}},"159":{"start":{"line":160,"column":0},"end":{"line":160,"column":44}},"160":{"start":{"line":161,"column":0},"end":{"line":161,"column":69}},"161":{"start":{"line":162,"column":0},"end":{"line":162,"column":75}},"162":{"start":{"line":163,"column":0},"end":{"line":163,"column":18}},"163":{"start":{"line":164,"column":0},"end":{"line":164,"column":16}},"165":{"start":{"line":166,"column":0},"end":{"line":166,"column":71}},"166":{"start":{"line":167,"column":0},"end":{"line":167,"column":72}},"167":{"start":{"line":168,"column":0},"end":{"line":168,"column":26}},"168":{"start":{"line":169,"column":0},"end":{"line":169,"column":16}},"170":{"start":{"line":171,"column":0},"end":{"line":171,"column":23}},"171":{"start":{"line":172,"column":0},"end":{"line":172,"column":29}},"172":{"start":{"line":173,"column":0},"end":{"line":173,"column":56}},"173":{"start":{"line":174,"column":0},"end":{"line":174,"column":53}},"174":{"start":{"line":175,"column":0},"end":{"line":175,"column":33}},"175":{"start":{"line":176,"column":0},"end":{"line":176,"column":34}},"176":{"start":{"line":177,"column":0},"end":{"line":177,"column":30}},"177":{"start":{"line":178,"column":0},"end":{"line":178,"column":24}},"179":{"start":{"line":180,"column":0},"end":{"line":180,"column":78}},"180":{"start":{"line":181,"column":0},"end":{"line":181,"column":59}},"182":{"start":{"line":183,"column":0},"end":{"line":183,"column":16}},"183":{"start":{"line":184,"column":0},"end":{"line":184,"column":57}},"185":{"start":{"line":186,"column":0},"end":{"line":186,"column":16}},"186":{"start":{"line":187,"column":0},"end":{"line":187,"column":16}},"187":{"start":{"line":188,"column":0},"end":{"line":188,"column":14}},"190":{"start":{"line":191,"column":0},"end":{"line":191,"column":100}},"191":{"start":{"line":192,"column":0},"end":{"line":192,"column":38}},"192":{"start":{"line":193,"column":0},"end":{"line":193,"column":28}},"193":{"start":{"line":194,"column":0},"end":{"line":194,"column":72}},"194":{"start":{"line":195,"column":0},"end":{"line":195,"column":29}},"195":{"start":{"line":196,"column":0},"end":{"line":196,"column":19}},"196":{"start":{"line":197,"column":0},"end":{"line":197,"column":47}},"197":{"start":{"line":198,"column":0},"end":{"line":198,"column":26}},"198":{"start":{"line":199,"column":0},"end":{"line":199,"column":16}},"199":{"start":{"line":200,"column":0},"end":{"line":200,"column":23}},"200":{"start":{"line":201,"column":0},"end":{"line":201,"column":29}},"201":{"start":{"line":202,"column":0},"end":{"line":202,"column":71}},"202":{"start":{"line":203,"column":0},"end":{"line":203,"column":53}},"203":{"start":{"line":204,"column":0},"end":{"line":204,"column":34}},"204":{"start":{"line":205,"column":0},"end":{"line":205,"column":30}},"205":{"start":{"line":206,"column":0},"end":{"line":206,"column":24}},"206":{"start":{"line":207,"column":0},"end":{"line":207,"column":14}},"207":{"start":{"line":208,"column":0},"end":{"line":208,"column":22}},"208":{"start":{"line":209,"column":0},"end":{"line":209,"column":14}},"210":{"start":{"line":211,"column":0},"end":{"line":211,"column":1}}},"s":{"0":0,"1":0,"2":0,"10":0,"26":0,"27":0,"28":0,"30":0,"31":0,"32":0,"33":0,"35":0,"36":0,"37":0,"38":0,"39":0,"40":0,"42":0,"43":0,"44":0,"46":0,"48":0,"49":0,"50":0,"51":0,"52":0,"53":0,"54":0,"55":0,"57":0,"59":0,"60":0,"61":0,"62":0,"63":0,"65":0,"66":0,"68":0,"69":0,"70":0,"71":0,"72":0,"74":0,"75":0,"76":0,"77":0,"79":0,"80":0,"81":0,"82":0,"83":0,"85":0,"86":0,"87":0,"88":0,"89":0,"91":0,"92":0,"93":0,"94":0,"97":0,"98":0,"99":0,"100":0,"101":0,"103":0,"104":0,"105":0,"106":0,"107":0,"108":0,"109":0,"110":0,"112":0,"113":0,"114":0,"115":0,"116":0,"117":0,"118":0,"120":0,"121":0,"122":0,"123":0,"124":0,"125":0,"126":0,"128":0,"129":0,"130":0,"131":0,"132":0,"135":0,"136":0,"137":0,"138":0,"139":0,"141":0,"142":0,"143":0,"144":0,"145":0,"146":0,"147":0,"148":0,"150":0,"152":0,"153":0,"154":0,"155":0,"156":0,"157":0,"158":0,"159":0,"160":0,"161":0,"162":0,"163":0,"165":0,"166":0,"167":0,"168":0,"170":0,"171":0,"172":0,"173":0,"174":0,"175":0,"176":0,"177":0,"179":0,"180":0,"182":0,"183":0,"185":0,"186":0,"187":0,"190":0,"191":0,"192":0,"193":0,"194":0,"195":0,"196":0,"197":0,"198":0,"199":0,"200":0,"201":0,"202":0,"203":0,"204":0,"205":0,"206":0,"207":0,"208":0,"210":0},"branchMap":{"0":{"type":"branch","line":1,"loc":{"start":{"line":1,"column":7114},"end":{"line":211,"column":1}},"locations":[{"start":{"line":1,"column":7114},"end":{"line":211,"column":1}}]}},"b":{"0":[0]},"fnMap":{"0":{"name":"(empty-report)","decl":{"start":{"line":1,"column":7114},"end":{"line":211,"column":1}},"loc":{"start":{"line":1,"column":7114},"end":{"line":211,"column":1}},"line":1}},"f":{"0":0}}
[...]
},"end":{"line":363,"column":59}},"363":{"start":{"line":364,"column":0},"end":{"line":364,"column":59}},"364":{"start":{"line":365,"column":0},"end":{"line":365,"column":25}},"365":{"start":{"line":366,"column":0},"end":{"line":366,"column":26}},"366":{"start":{"line":367,"column":0},"end":{"line":367,"column":23}},"367":{"start":{"line":368,"column":0},"end":{"line":368,"column":37}},"368":{"start":{"line":369,"column":0},"end":{"line":369,"column":72}},"369":{"start":{"line":370,"column":0},"end":{"line":370,"column":27}},"370":{"start":{"line":371,"column":0},"end":{"line":371,"column":43}},"371":{"start":{"line":372,"column":0},"end":{"line":372,"column":64}},"372":{"start":{"line":373,"column":0},"end":{"line":373,"column":71}},"374":{"start":{"line":375,"column":0},"end":{"line":375,"column":101}},"375":{"start":{"line":376,"column":0},"end":{"line":376,"column":87}},"376":{"start":{"line":377,"column":0},"end":{"line":377,"column":61}},"377":{"start":{"line":378,"column":0},"end":{"line":378,"column":65}},"378":{"start":{"line":379,"column":0},"end":{"line":379,"column":58}},"379":{"start":{"line":380,"column":0},"end":{"line":380,"column":32}},"380":{"start":{"line":381,"column":0},"end":{"line":381,"column":29}},"381":{"start":{"line":382,"column":0},"end":{"line":382,"column":18}},"383":{"start":{"line":384,"column":0},"end":{"line":384,"column":26}},"384":{"start":{"line":385,"column":0},"end":{"line":385,"column":70}},"386":{"start":{"line":387,"column":0},"end":{"line":387,"column":30}},"387":{"start":{"line":388,"column":0},"end":{"line":388,"column":27}},"389":{"start":{"line":390,"column":0},"end":{"line":390,"column":24}},"390":{"start":{"line":391,"column":0},"end":{"line":391,"column":18}},"391":{"start":{"line":392,"column":0},"end":{"line":392,"column":22}},"392":{"start":{"line":393,"column":0},"end":{"line":393,"column":13}},"393":{"start":{"line":394,"column":0},"end":{"line":394,"column":10}},"395":{"start":{"line":396,"column":0},"end":{"line":396,"column":1}}},"s":{"0":0,"1":0,"2":0,"3":0,"4":0,"5":0,"6":0,"7":0,"8":0,"9":0,"17":0,"22":0,"23":0,"24":0,"26":0,"27":0,"29":0,"30":0,"32":0,"35":0,"36":0,"37":0,"38":0,"39":0,"41":0,"42":0,"43":0,"44":0,"45":0,"46":0,"47":0,"48":0,"50":0,"51":0,"52":0,"53":0,"55":0,"56":0,"57":0,"59":0,"60":0,"61":0,"62":0,"63":0,"65":0,"66":0,"67":0,"68":0,"69":0,"70":0,"71":0,"73":0,"74":0,"75":0,"76":0,"77":0,"79":0,"80":0,"81":0,"82":0,"83":0,"84":0,"85":0,"86":0,"87":0,"89":0,"90":0,"91":0,"92":0,"94":0,"95":0,"96":0,"97":0,"98":0,"99":0,"100":0,"101":0,"102":0,"104":0,"105":0,"106":0,"107":0,"108":0,"109":0,"110":0,"111":0,"112":0,"113":0,"114":0,"115":0,"116":0,"117":0,"118":0,"119":0,"120":0,"121":0,"122":0,"123":0,"126":0,"127":0,"128":0,"129":0,"130":0,"131":0,"132":0,"133":0,"134":0,"136":0,"137":0,"138":0,"139":0,"140":0,"141":0,"142":0,"143":0,"144":0,"145":0,"146":0,"147":0,"148":0,"149":0,"151":0,"154":0,"155":0,"156":0,"157":0,"158":0,"159":0,"160":0,"161":0,"162":0,"163":0,"164":0,"165":0,"166":0,"167":0,"168":0,"170":0,"173":0,"174":0,"175":0,"176":0,"177":0,"179":0,"181":0,"182":0,"183":0,"184":0,"185":0,"186":0,"187":0,"188":0,"189":0,"190":0,"191":0,"192":0,"193":0,"194":0,"195":0,"196":0,"198":0,"199":0,"200":0,"201":0,"202":0,"203":0,"204":0,"205":0,"206":0,"207":0,"208":0,"210":0,"211":0,"212":0,"213":0,"214":0,"215":0,"216":0,"217":0,"218":0,"219":0,"220":0,"221":0,"222":0,"223":0,"224":0,"226":0,"228":0,"230":0,"231":0,"232":0,"233":0,"234":0,"235":0,"236":0,"237":0,"238":0,"239":0,"240":0,"241":0,"242":0,"243":0,"244":0,"246":0,"247":0,"248":0,"249":0,"250":0,"252":0,"254":0,"255":0,"257":0,"258":0,"259":0,"260":0,"261":0,"262":0,"263":0,"264":0,"266":0,"269":0,"270":0,"271":0,"272":0,"273":0,"275":0,"277":0,"278":0,"279":0,"280":0,"281":0,"282":0,"283":0,"284":0,"285":0,"286":0,"287":0,"288":0,"289":0,"290":0,"291":0,"292":0,"293":0,"294":0,"295":0,"296":0,"297":0,"298":0,"299":0,"300":0,"301":0,"302":0,"303":0,"304":0,"305":0,"306":0,"307":0,"308":0,"309":0,"310":0,"312":0,"313":0,"314":0,"315":0,"316":0,"317":0,"318":0,"319":0,"320":0,"321":0,"322":0,"323":0,"324":0,"325":0,"326":0,"327":0,"328":0,"330":0,"331":0,"332":0,"333":0,"335":0,"338":0,"339":0,"340":0,"341":0,"342":0,"343":0,"344":0,"345":0,"346":0,"348":0,"349":0,"351":0,"352":0,"353":0,"354":0,"355":0,"356":0,"357":0,"358":0,"359":0,"360":0,"361":0,"362":0,"363":0,"364":0,"365":0,"366":0,"367":0,"368":0,"369":0,"370":0,"371":0,"372":0,"374":0,"375":0,"376":0,"377":0,"378":0,"379":0,"380":0,"381":0,"383":0,"384":0,"386":0,"387":0,"389":0,"390":0,"391":0,"392":0,"393":0,"395":0},"branchMap":{"0":{"type":"branch","line":1,"loc":{"start":{"line":1,"column":13188},"end":{"line":396,"column":1}},"locations":[{"start":{"line":1,"column":13188},"end":{"line":396,"column":1}}]}},"b":{"0":[0]},"fnMap":{"0":{"name":"(empty-report)","decl":{"start":{"line":1,"column":13188},"end":{"line":396,"column":1}},"loc":{"start":{"line":1,"column":13188},"end":{"line":396,"column":1}},"line":1}},"f":{"0":0}}
,"/Users/jeong-uchang/admin-donggurami-net/src/shared/api/apiClient.ts": {"path":"/Users/jeong-uchang/admin-donggurami-net/src/shared/api/apiClient.ts","all":false,"statementMap":{"0":{"start":{"line":1,"column":0},"end":{"line":1,"column":25}},"2":{"start":{"line":3,"column":0},"end":{"line":3,"column":61}},"4":{"start":{"line":5,"column":0},"end":{"line":5,"column":45}},"7":{"start":{"line":8,"column":0},"end":{"line":8,"column":37}},"10":{"start":{"line":11,"column":0},"end":{"line":11,"column":31}},"11":{"start":{"line":12,"column":0},"end":{"line":12,"column":57}},"12":{"start":{"line":13,"column":0},"end":{"line":13,"column":20}},"13":{"start":{"line":14,"column":0},"end":{"line":14,"column":29}},"14":{"start":{"line":15,"column":0},"end":{"line":15,"column":3}},"15":{"start":{"line":16,"column":0},"end":{"line":16,"column":1}},"18":{"start":{"line":19,"column":0},"end":{"line":19,"column":48}},"19":{"start":{"line":20,"column":0},"end":{"line":20,"column":44}},"20":{"start":{"line":21,"column":0},"end":{"line":21,"column":1}},"22":{"start":{"line":23,"column":0},"end":{"line":23,"column":50}},"23":{"start":{"line":24,"column":0},"end":{"line":24,"column":21}},"25":{"start":{"line":26,"column":0},"end":{"line":26,"column":50}},"26":{"start":{"line":27,"column":0},"end":{"line":27,"column":1}},"28":{"start":{"line":29,"column":0},"end":{"line":29,"column":39}},"29":{"start":{"line":30,"column":0},"end":{"line":30,"column":20}},"31":{"start":{"line":32,"column":0},"end":{"line":32,"column":37}},"32":{"start":{"line":33,"column":0},"end":{"line":33,"column":1}},"34":{"start":{"line":35,"column":0},"end":{"line":35,"column":47}},"37":{"start":{"line":38,"column":0},"end":{"line":38,"column":17}},"39":{"start":{"line":40,"column":0},"end":{"line":40,"column":39}},"40":{"start":{"line":41,"column":0},"end":{"line":41,"column":20}},"41":{"start":{"line":42,"column":0},"end":{"line":42,"column":12}},"42":{"start":{"line":43,"column":0},"end":{"line":43,"column":39}},"43":{"start":{"line":44,"column":0},"end":{"line":44,"column":4}},"44":{"start":{"line":45,"column":0},"end":{"line":45,"column":64}},"45":{"start":{"line":46,"column":0},"end":{"line":46,"column":2}},"48":{"start":{"line":49,"column":0},"end":{"line":49,"column":35}},"49":{"start":{"line":50,"column":0},"end":{"line":50,"column":43}},"51":{"start":{"line":52,"column":0},"end":{"line":52,"column":52}},"52":{"start":{"line":53,"column":0},"end":{"line":53,"column":16}},"53":{"start":{"line":54,"column":0},"end":{"line":54,"column":54}},"54":{"start":{"line":55,"column":0},"end":{"line":55,"column":5}},"55":{"start":{"line":56,"column":0},"end":{"line":56,"column":17}},"56":{"start":{"line":57,"column":0},"end":{"line":57,"column":4}},"57":{"start":{"line":58,"column":0},"end":{"line":58,"column":34}},"58":{"start":{"line":59,"column":0},"end":{"line":59,"column":1}},"61":{"start":{"line":62,"column":0},"end":{"line":62,"column":36}},"62":{"start":{"line":63,"column":0},"end":{"line":63,"column":25}},"63":{"start":{"line":64,"column":0},"end":{"line":64,"column":32}},"64":{"start":{"line":65,"column":0},"end":{"line":65,"column":74}},"68":{"start":{"line":69,"column":0},"end":{"line":69,"column":8}},"69":{"start":{"line":70,"column":0},"end":{"line":70,"column":39}},"70":{"start":{"line":71,"column":0},"end":{"line":71,"column":24}},"71":{"start":{"line":72,"column":0},"end":{"line":72,"column":29}},"72":{"start":{"line":73,"column":0},"end":{"line":73,"column":7}},"73":{"start":{"line":74,"column":0},"end":{"line":74,"column":35}},"75":{"start":{"line":76,"column":0},"end":{"line":76,"column":11}},"77":{"start":{"line":78,"column":0},"end":{"line":78,"column":42}},"78":{"start":{"line":79,"column":0},"end":{"line":79,"column":50}},"79":{"start":{"line":80,"column":0},"end":{"line":80,"column":13}},"80":{"start":{"line":81,"column":0},"end":{"line":81,"column":35}},"81":{"start":{"line":82,"column":0},"end":{"line":82,"column":9}},"83":{"start":{"line":84,"column":0},"end":{"line":84,"column":61}},"84":{"start":{"line":85,"column":0},"end":{"line":85,"column":38}},"86":{"start":{"line":87,"column":0},"end":{"line":87,"column":74}},"87":{"start":{"line":88,"column":0},"end":{"line":88,"column":41}},"88":{"start":{"line":89,"column":0},"end":{"line":89,"column":30}},"89":{"start":{"line":90,"column":0},"end":{"line":90,"column":26}},"91":{"start":{"line":92,"column":0},"end":{"line":92,"column":43}},"92":{"start":{"line":93,"column":0},"end":{"line":93,"column":7}},"93":{"start":{"line":94,"column":0},"end":{"line":94,"column":5}},"95":{"start":{"line":96,"column":0},"end":{"line":96,"column":32}},"96":{"start":{"line":97,"column":0},"end":{"line":97,"column":3}},"97":{"start":{"line":98,"column":0},"end":{"line":98,"column":1}}},"s":{"0":1,"2":1,"4":1,"7":1,"10":1,"11":1,"12":1,"13":0,"14":0,"15":1,"18":1,"19":19,"20":19,"22":1,"23":28,"25":28,"26":28,"28":1,"29":15,"31":15,"32":15,"34":1,"37":1,"39":1,"40":1,"41":1,"42":1,"43":1,"44":1,"45":1,"48":1,"49":1,"51":19,"52":19,"53":19,"54":19,"55":19,"56":19,"57":1,"58":1,"61":1,"62":1,"63":1,"64":10,"68":10,"69":10,"70":5,"71":5,"72":10,"73":5,"75":5,"77":5,"78":5,"79":5,"80":5,"81":5,"83":0,"84":0,"86":0,"87":0,"88":5,"89":5,"91":5,"92":5,"93":5,"95":5,"96":10,"97":1},"branchMap":{"0":{"type":"branch","line":11,"loc":{"start":{"line":11,"column":24},"end":{"line":16,"column":1}},"locations":[{"start":{"line":11,"column":24},"end":{"line":16,"column":1}}]},"1":{"type":"branch","line":13,"loc":{"start":{"line":13,"column":19},"end":{"line":15,"column":3}},"locations":[{"start":{"line":13,"column":19},"end":{"line":15,"column":3}}]},"2":{"type":"branch","line":19,"loc":{"start":{"line":19,"column":26},"end":{"line":21,"column":1}},"locations":[{"start":{"line":19,"column":26},"end":{"line":21,"column":1}}]},"3":{"type":"branch","line":23,"loc":{"start":{"line":23,"column":30},"end":{"line":27,"column":1}},"locations":[{"start":{"line":23,"column":30},"end":{"line":27,"column":1}}]},"4":{"type":"branch","line":29,"loc":{"start":{"line":29,"column":32},"end":{"line":33,"column":1}},"locations":[{"start":{"line":29,"column":32},"end":{"line":33,"column":1}}]},"5":{"type":"branch","line":35,"loc":{"start":{"line":35,"column":30},"end":{"line":35,"column":47}},"locations":[{"start":{"line":35,"column":30},"end":{"line":35,"column":47}}]},"6":{"type":"branch","line":50,"loc":{"start":{"line":50,"column":2},"end":{"line":57,"column":4}},"locations":[{"start":{"line":50,"column":2},"end":{"line":57,"column":4}}]},"7":{"type":"branch","line":52,"loc":{"start":{"line":52,"column":36},"end":{"line":52,"column":52}},"locations":[{"start":{"line":52,"column":36},"end":{"line":52,"column":52}}]},"8":{"type":"branch","line":63,"loc":{"start":{"line":63,"column":2},"end":{"line":63,"column":25}},"locations":[{"start":{"line":63,"column":2},"end":{"line":63,"column":25}}]},"9":{"type":"branch","line":64,"loc":{"start":{"line":64,"column":2},"end":{"line":97,"column":3}},"locations":[{"start":{"line":64,"column":2},"end":{"line":97,"column":3}}]},"10":{"type":"branch","line":70,"loc":{"start":{"line":70,"column":12},"end":{"line":70,"column":33}},"locations":[{"start":{"line":70,"column":12},"end":{"line":70,"column":33}}]},"11":{"type":"branch","line":70,"loc":{"start":{"line":70,"column":33},"end":{"line":71,"column":24}},"locations":[{"start":{"line":70,"column":33},"end":{"line":71,"column":24}}]},"12":{"type":"branch","line":71,"loc":{"start":{"line":71,"column":6},"end":{"line":72,"column":29}},"locations":[{"start":{"line":71,"column":6},"end":{"line":72,"column":29}}]},"13":{"type":"branch","line":73,"loc":{"start":{"line":73,"column":6},"end":{"line":96,"column":32}},"locations":[{"start":{"line":73,"column":6},"end":{"line":96,"column":32}}]},"14":{"type":"branch","line":82,"loc":{"start":{"line":82,"column":8},"end":{"line":89,"column":15}},"locations":[{"start":{"line":82,"column":8},"end":{"line":89,"column":15}}]}},"b":{"0":[1],"1":[0],"2":[19],"3":[28],"4":[15],"5":[4],"6":[19],"7":[0],"8":[9],"9":[10],"10":[7],"11":[5],"12":[5],"13":[5],"14":[0]},"fnMap":{"0":{"name":"initializeToken","decl":{"start":{"line":11,"column":24},"end":{"line":16,"column":1}},"loc":{"start":{"line":11,"column":24},"end":{"line":16,"column":1}},"line":11},"1":{"name":"getTokenFromStore","decl":{"start":{"line":19,"column":26},"end":{"line":21,"column":1}},"loc":{"start":{"line":19,"column":26},"end":{"line":21,"column":1}},"line":19},"2":{"name":"setAccessToken","decl":{"start":{"line":23,"column":30},"end":{"line":27,"column":1}},"loc":{"start":{"line":23,"column":30},"end":{"line":27,"column":1}},"line":23},"3":{"name":"clearAccessToken","decl":{"start":{"line":29,"column":32},"end":{"line":33,"column":1}},"loc":{"start":{"line":29,"column":32},"end":{"line":33,"column":1}},"line":29},"4":{"name":"getAccessToken","decl":{"start":{"line":35,"column":30},"end":{"line":35,"column":47}},"loc":{"start":{"line":35,"column":30},"end":{"line":35,"column":47}},"line":35},"5":{"name":"apiClient.interceptors.response.use.originalRequest","decl":{"start":{"line":63,"column":2},"end":{"line":63,"column":25}},"loc":{"start":{"line":63,"column":2},"end":{"line":63,"column":25}},"line":63}},"f":{"0":1,"1":19,"2":28,"3":15,"4":4,"5":9}}
,"/Users/jeong-uchang/admin-donggurami-net/src/shared/api/index.ts": {"path":"/Users/jeong-uchang/admin-donggurami-net/src/shared/api/index.ts","all":true,"statementMap":{"0":{"start":{"line":1,"column":0},"end":{"line":1,"column":8}}},"s":{"0":0},"branchMap":{"0":{"type":"branch","line":1,"loc":{"start":{"line":1,"column":98},"end":{"line":6,"column":20}},"locations":[{"start":{"line":1,"column":98},"end":{"line":6,"column":20}}]}},"b":{"0":[0]},"fnMap":{"0":{"name":"(empty-report)","decl":{"start":{"line":1,"column":98},"end":{"line":6,"column":20}},"loc":{"start":{"line":1,"column":98},"end":{"line":6,"column":20}},"line":1}},"f":{"0":0}}
,"/Users/jeong-uchang/admin-donggurami-net/src/shared/hooks/useDebounce.ts": {"path":"/Users/jeong-uchang/admin-donggurami-net/src/shared/hooks/useDebounce.ts","all":true,"statementMap":{"0":{"start":{"line":1,"column":0},"end":{"line":1,"column":43}},"2":{"start":{"line":3,"column":0},"end":{"line":3,"column":66}},"3":{"start":{"line":4,"column":0},"end":{"line":4,"column":64}},"5":{"start":{"line":6,"column":0},"end":{"line":6,"column":19}},"6":{"start":{"line":7,"column":0},"end":{"line":7,"column":36}},"7":{"start":{"line":8,"column":0},"end":{"line":8,"column":30}},"8":{"start":{"line":9,"column":0},"end":{"line":9,"column":13}},"10":{"start":{"line":11,"column":0},"end":{"line":11,"column":18}},"11":{"start":{"line":12,"column":0},"end":{"line":12,"column":25}},"12":{"start":{"line":13,"column":0},"end":{"line":13,"column":5}},"13":{"start":{"line":14,"column":0},"end":{"line":14,"column":20}},"15":{"start":{"line":16,"column":0},"end":{"line":16,"column":23}},"16":{"start":{"line":17,"column":0},"end":{"line":17,"column":1}}},"s":{"0":0,"2":0,"3":0,"5":0,"6":0,"7":0,"8":0,"10":0,"11":0,"12":0,"13":0,"15":0,"16":0},"branchMap":{"0":{"type":"branch","line":1,"loc":{"start":{"line":1,"column":379},"end":{"line":17,"column":1}},"locations":[{"start":{"line":1,"column":379},"end":{"line":17,"column":1}}]}},"b":{"0":[0]},"fnMap":{"0":{"name":"(empty-report)","decl":{"start":{"line":1,"column":379},"end":{"line":17,"column":1}},"loc":{"start":{"line":1,"column":379},"end":{"line":17,"column":1}},"line":1}},"f":{"0":0}}
,"/Users/jeong-uchang/admin-donggurami-net/src/shared/lib/index.ts": {"path":"/Users/jeong-uchang/admin-donggurami-net/src/shared/lib/index.ts","all":true,"statementMap":{"0":{"start":{"line":1,"column":0},"end":{"line":1,"column":43}}},"s":{"0":0},"branchMap":{"0":{"type":"branch","line":1,"loc":{"start":{"line":1,"column":43},"end":{"line":1,"column":43}},"locations":[{"start":{"line":1,"column":43},"end":{"line":1,"column":43}}]}},"b":{"0":[0]},"fnMap":{"0":{"name":"(empty-report)","decl":{"start":{"line":1,"column":43},"end":{"line":1,"column":43}},"loc":{"start":{"line":1,"column":43},"end":{"line":1,"column":43}},"line":1}},"f":{"0":0}}
,"/Users/jeong-uchang/admin-donggurami-net/src/shared/lib/queryClient.ts": {"path":"/Users/jeong-uchang/admin-donggurami-net/src/shared/lib/queryClient.ts","all":true,"statementMap":{"0":{"start":{"line":1,"column":0},"end":{"line":1,"column":51}},"2":{"start":{"line":3,"column":0},"end":{"line":3,"column":44}},"3":{"start":{"line":4,"column":0},"end":{"line":4,"column":19}},"4":{"start":{"line":5,"column":0},"end":{"line":5,"column":14}},"5":{"start":{"line":6,"column":0},"end":{"line":6,"column":44}},"6":{"start":{"line":7,"column":0},"end":{"line":7,"column":43}},"7":{"start":{"line":8,"column":0},"end":{"line":8,"column":15}},"8":{"start":{"line":9,"column":0},"end":{"line":9,"column":34}},"9":{"start":{"line":10,"column":0},"end":{"line":10,"column":6}},"10":{"start":{"line":11,"column":0},"end":{"line":11,"column":16}},"11":{"start":{"line":12,"column":0},"end":{"line":12,"column":15}},"12":{"start":{"line":13,"column":0},"end":{"line":13,"column":6}},"13":{"start":{"line":14,"column":0},"end":{"line":14,"column":4}},"14":{"start":{"line":15,"column":0},"end":{"line":15,"column":2}}},"s":{"0":0,"2":0,"3":0,"4":0,"5":0,"6":0,"7":0,"8":0,"9":0,"10":0,"11":0,"12":0,"13":0,"14":0},"branchMap":{"0":{"type":"branch","line":1,"loc":{"start":{"line":1,"column":327},"end":{"line":15,"column":2}},"locations":[{"start":{"line":1,"column":327},"end":{"line":15,"column":2}}]}},"b":{"0":[0]},"fnMap":{"0":{"name":"(empty-report)","decl":{"start":{"line":1,"column":327},"end":{"line":15,"column":2}},"loc":{"start":{"line":1,"column":327},"end":{"line":15,"column":2}},"line":1}},"f":{"0":0}}
,"/Users/jeong-uchang/admin-donggurami-net/src/shared/types/api.ts": {"path":"/Users/jeong-uchang/admin-donggurami-net/src/shared/types/api.ts","all":true,"statementMap":{},"s":{},"branchMap":{"0":{"type":"branch","line":1,"loc":{"start":{"line":1,"column":815},"end":{"line":36,"column":61}},"locations":[{"start":{"line":1,"column":815},"end":{"line":36,"column":61}}]}},"b":{"0":[1]},"fnMap":{"0":{"name":"(empty-report)","decl":{"start":{"line":1,"column":815},"end":{"line":36,"column":61}},"loc":{"start":{"line":1,"column":815},"end":{"line":36,"column":61}},"line":1}},"f":{"0":1}}
,"/Users/jeong-uchang/admin-donggurami-net/src/shared/types/index.ts": {"path":"/Users/jeong-uchang/admin-donggurami-net/src/shared/types/index.ts","all":true,"statementMap":{"0":{"start":{"line":1,"column":0},"end":{"line":1,"column":21}}},"s":{"0":0},"branchMap":{"0":{"type":"branch","line":1,"loc":{"start":{"line":1,"column":0},"end":{"line":1,"column":21}},"locations":[{"start":{"line":1,"column":0},"end":{"line":1,"column":21}}]}},"b":{"0":[0]},"fnMap":{"0":{"name":"(empty-report)","decl":{"start":{"line":1,"column":0},"end":{"line":1,"column":21}},"loc":{"start":{"line":1,"column":0},"end":{"line":1,"column":21}},"line":1}},"f":{"0":0}}
}
